13:54:51 DEBUG [io.qu.bo.cl.QuarkusClassLoader]] (main) Adding elements io.quarkus.bootstrap.classloading.MemoryClassPathElement@44de0113 to QuarkusClassLoader Quarkus Runtime ClassLoader: DEV restart no:0
13:54:51 DEBUG [io.qu.bo.cl.QuarkusClassLoader]] (main) Adding elements io.quarkus.bootstrap.classloading.PathTreeClassPathElement@4d105082 to QuarkusClassLoader Quarkus Runtime ClassLoader: DEV restart no:0
13:54:51 DEBUG [or.hi.qu.feature]] (Quarkus Main Thread) Hibernate Features Enabled
13:54:51 DEBUG [io.qu.hi.orm]] (Quarkus Main Thread) List of entities found by Quarkus deployment:
[org.acme.Person]
13:54:51 DEBUG [io.qu.ar.impl]] (Quarkus Main Thread) ArC DI container initialized [beans=56, observers=3]
13:54:51 DEBUG [or.hi.jp.in.ut.LogHelper]] (Quarkus Main Thread) PersistenceUnitInfo [
	name: <default>
	persistence provider classname: null
	classloader: null
	excludeUnlistedClasses: true
	JTA datasource: null
	Non JTA datasource: null
	Transaction type: JTA
	PU root URL: null
	Shared Cache Mode: null
	Validation Mode: null
	Jar files URLs []
	Managed classes names [
		org.acme.Person
		io.quarkus.hibernate.orm.panache.PanacheEntityBase
		io.quarkus.hibernate.orm.panache.PanacheEntity]
	Mapping files names []
	Properties [
		hibernate.hbm2ddl.import_files: dataBase.sql
		hibernate.query.plan_cache_max_size: 2048
		hibernate.default_batch_fetch_size: 16
		hibernate.discriminator.ignore_explicit_for_joined: false
		hibernate.hbm2ddl.charset_name: UTF-8
		hibernate.cache.use_reference_entries: null
		hibernate.cache.use_query_cache: null
		hibernate.dialect: io.quarkus.hibernate.orm.runtime.dialect.QuarkusH2Dialect
		javax.persistence.sharedCache.mode: null
		hibernate.cache.use_second_level_cache: null
		hibernate.id.sequence.increment_size_mismatch_strategy: null
		hibernate.batch_fetch_style: PADDED
		hibernate.order_by.default_null_ordering: none]
13:54:51 DEBUG [io.qu.hi.or.ru.se.QuarkusSimplifiedIdentifierGeneratorFactory]] (Quarkus Main Thread) Registering IdentifierGenerator strategy [uuid2] -> [org.hibernate.id.UUIDGenerator]
13:54:51 DEBUG [io.qu.hi.or.ru.se.QuarkusSimplifiedIdentifierGeneratorFactory]] (Quarkus Main Thread) Registering IdentifierGenerator strategy [guid] -> [org.hibernate.id.GUIDGenerator]
13:54:51 DEBUG [io.qu.hi.or.ru.se.QuarkusSimplifiedIdentifierGeneratorFactory]] (Quarkus Main Thread) Registering IdentifierGenerator strategy [uuid] -> [org.hibernate.id.UUIDHexGenerator]
13:54:51 DEBUG [io.qu.hi.or.ru.se.QuarkusSimplifiedIdentifierGeneratorFactory]] (Quarkus Main Thread) Registering IdentifierGenerator strategy [uuid.hex] -> [org.hibernate.id.UUIDHexGenerator]
13:54:51 DEBUG [io.qu.hi.or.ru.se.QuarkusSimplifiedIdentifierGeneratorFactory]] (Quarkus Main Thread) Registering IdentifierGenerator strategy [assigned] -> [org.hibernate.id.Assigned]
13:54:51 DEBUG [io.qu.hi.or.ru.se.QuarkusSimplifiedIdentifierGeneratorFactory]] (Quarkus Main Thread) Registering IdentifierGenerator strategy [identity] -> [org.hibernate.id.IdentityGenerator]
13:54:51 DEBUG [io.qu.hi.or.ru.se.QuarkusSimplifiedIdentifierGeneratorFactory]] (Quarkus Main Thread) Registering IdentifierGenerator strategy [select] -> [org.hibernate.id.SelectGenerator]
13:54:51 DEBUG [io.qu.hi.or.ru.se.QuarkusSimplifiedIdentifierGeneratorFactory]] (Quarkus Main Thread) Registering IdentifierGenerator strategy [sequence] -> [org.hibernate.id.enhanced.SequenceStyleGenerator]
13:54:51 DEBUG [io.qu.hi.or.ru.se.QuarkusSimplifiedIdentifierGeneratorFactory]] (Quarkus Main Thread) Registering IdentifierGenerator strategy [seqhilo] -> [org.hibernate.id.SequenceHiLoGenerator]
13:54:51 DEBUG [io.qu.hi.or.ru.se.QuarkusSimplifiedIdentifierGeneratorFactory]] (Quarkus Main Thread) Registering IdentifierGenerator strategy [increment] -> [org.hibernate.id.IncrementGenerator]
13:54:51 DEBUG [io.qu.hi.or.ru.se.QuarkusSimplifiedIdentifierGeneratorFactory]] (Quarkus Main Thread) Registering IdentifierGenerator strategy [foreign] -> [org.hibernate.id.ForeignGenerator]
13:54:51 DEBUG [io.qu.hi.or.ru.se.QuarkusSimplifiedIdentifierGeneratorFactory]] (Quarkus Main Thread) Registering IdentifierGenerator strategy [sequence-identity] -> [org.hibernate.id.SequenceIdentityGenerator]
13:54:51 DEBUG [io.qu.hi.or.ru.se.QuarkusSimplifiedIdentifierGeneratorFactory]] (Quarkus Main Thread) Registering IdentifierGenerator strategy [enhanced-sequence] -> [org.hibernate.id.enhanced.SequenceStyleGenerator]
13:54:51 DEBUG [io.qu.hi.or.ru.se.QuarkusSimplifiedIdentifierGeneratorFactory]] (Quarkus Main Thread) Registering IdentifierGenerator strategy [enhanced-table] -> [org.hibernate.id.enhanced.TableGenerator]
13:54:51 DEBUG [or.hi.Version]] (Quarkus Main Thread) HHH000412: Hibernate ORM core version [WORKING]
13:54:51 DEBUG [or.hi.cf.Environment]] (Quarkus Main Thread) HHH000206: hibernate.properties not found
13:54:51 DEBUG [or.hi.an.co.Version]] (Quarkus Main Thread) HCANN000001: Hibernate Commons Annotations {5.1.2.Final}
13:54:51 DEBUG [or.hi.ty.BasicTypeRegistry]] (Quarkus Main Thread) Adding type registration boolean -> org.hibernate.type.BooleanType@1f0ca17f
13:54:51 DEBUG [or.hi.ty.BasicTypeRegistry]] (Quarkus Main Thread) Adding type registration boolean -> org.hibernate.type.BooleanType@1f0ca17f
13:54:51 DEBUG [or.hi.ty.BasicTypeRegistry]] (Quarkus Main Thread) Adding type registration java.lang.Boolean -> org.hibernate.type.BooleanType@1f0ca17f
13:54:51 DEBUG [or.hi.ty.BasicTypeRegistry]] (Quarkus Main Thread) Adding type registration numeric_boolean -> org.hibernate.type.NumericBooleanType@572e5d1
13:54:51 DEBUG [or.hi.ty.BasicTypeRegistry]] (Quarkus Main Thread) Adding type registration true_false -> org.hibernate.type.TrueFalseType@2bb26d9a
13:54:51 DEBUG [or.hi.ty.BasicTypeRegistry]] (Quarkus Main Thread) Adding type registration yes_no -> org.hibernate.type.YesNoType@20f9f0e8
13:54:51 DEBUG [or.hi.ty.BasicTypeRegistry]] (Quarkus Main Thread) Adding type registration byte -> org.hibernate.type.ByteType@5a84bad1
13:54:51 DEBUG [or.hi.ty.BasicTypeRegistry]] (Quarkus Main Thread) Adding type registration byte -> org.hibernate.type.ByteType@5a84bad1
13:54:51 DEBUG [or.hi.ty.BasicTypeRegistry]] (Quarkus Main Thread) Adding type registration java.lang.Byte -> org.hibernate.type.ByteType@5a84bad1
13:54:51 DEBUG [or.hi.ty.BasicTypeRegistry]] (Quarkus Main Thread) Adding type registration character -> org.hibernate.type.CharacterType@48ca903d
13:54:51 DEBUG [or.hi.ty.BasicTypeRegistry]] (Quarkus Main Thread) Adding type registration char -> org.hibernate.type.CharacterType@48ca903d
13:54:51 DEBUG [or.hi.ty.BasicTypeRegistry]] (Quarkus Main Thread) Adding type registration java.lang.Character -> org.hibernate.type.CharacterType@48ca903d
13:54:51 DEBUG [or.hi.ty.BasicTypeRegistry]] (Quarkus Main Thread) Adding type registration short -> org.hibernate.type.ShortType@70acea03
13:54:51 DEBUG [or.hi.ty.BasicTypeRegistry]] (Quarkus Main Thread) Adding type registration short -> org.hibernate.type.ShortType@70acea03
13:54:51 DEBUG [or.hi.ty.BasicTypeRegistry]] (Quarkus Main Thread) Adding type registration java.lang.Short -> org.hibernate.type.ShortType@70acea03
13:54:51 DEBUG [or.hi.ty.BasicTypeRegistry]] (Quarkus Main Thread) Adding type registration integer -> org.hibernate.type.IntegerType@1fbd2a4e
13:54:51 DEBUG [or.hi.ty.BasicTypeRegistry]] (Quarkus Main Thread) Adding type registration int -> org.hibernate.type.IntegerType@1fbd2a4e
13:54:51 DEBUG [or.hi.ty.BasicTypeRegistry]] (Quarkus Main Thread) Adding type registration java.lang.Integer -> org.hibernate.type.IntegerType@1fbd2a4e
13:54:51 DEBUG [or.hi.ty.BasicTypeRegistry]] (Quarkus Main Thread) Adding type registration long -> org.hibernate.type.LongType@6010495a
13:54:51 DEBUG [or.hi.ty.BasicTypeRegistry]] (Quarkus Main Thread) Adding type registration long -> org.hibernate.type.LongType@6010495a
13:54:51 DEBUG [or.hi.ty.BasicTypeRegistry]] (Quarkus Main Thread) Adding type registration java.lang.Long -> org.hibernate.type.LongType@6010495a
13:54:51 DEBUG [or.hi.ty.BasicTypeRegistry]] (Quarkus Main Thread) Adding type registration float -> org.hibernate.type.FloatType@7cc7661d
13:54:51 DEBUG [or.hi.ty.BasicTypeRegistry]] (Quarkus Main Thread) Adding type registration float -> org.hibernate.type.FloatType@7cc7661d
13:54:51 DEBUG [or.hi.ty.BasicTypeRegistry]] (Quarkus Main Thread) Adding type registration java.lang.Float -> org.hibernate.type.FloatType@7cc7661d
13:54:51 DEBUG [or.hi.ty.BasicTypeRegistry]] (Quarkus Main Thread) Adding type registration double -> org.hibernate.type.DoubleType@6b2c6774
13:54:51 DEBUG [or.hi.ty.BasicTypeRegistry]] (Quarkus Main Thread) Adding type registration double -> org.hibernate.type.DoubleType@6b2c6774
13:54:51 DEBUG [or.hi.ty.BasicTypeRegistry]] (Quarkus Main Thread) Adding type registration java.lang.Double -> org.hibernate.type.DoubleType@6b2c6774
13:54:51 DEBUG [or.hi.ty.BasicTypeRegistry]] (Quarkus Main Thread) Adding type registration big_decimal -> org.hibernate.type.BigDecimalType@1d35df05
13:54:51 DEBUG [or.hi.ty.BasicTypeRegistry]] (Quarkus Main Thread) Adding type registration java.math.BigDecimal -> org.hibernate.type.BigDecimalType@1d35df05
13:54:51 DEBUG [or.hi.ty.BasicTypeRegistry]] (Quarkus Main Thread) Adding type registration big_integer -> org.hibernate.type.BigIntegerType@7f0d0f60
13:54:51 DEBUG [or.hi.ty.BasicTypeRegistry]] (Quarkus Main Thread) Adding type registration java.math.BigInteger -> org.hibernate.type.BigIntegerType@7f0d0f60
13:54:51 DEBUG [or.hi.ty.BasicTypeRegistry]] (Quarkus Main Thread) Adding type registration string -> org.hibernate.type.StringType@38bd6912
13:54:51 DEBUG [or.hi.ty.BasicTypeRegistry]] (Quarkus Main Thread) Adding type registration java.lang.String -> org.hibernate.type.StringType@38bd6912
13:54:51 DEBUG [or.hi.ty.BasicTypeRegistry]] (Quarkus Main Thread) Adding type registration nstring -> org.hibernate.type.StringNVarcharType@30a2aeb6
13:54:51 DEBUG [or.hi.ty.BasicTypeRegistry]] (Quarkus Main Thread) Adding type registration ncharacter -> org.hibernate.type.CharacterNCharType@35c8250
13:54:51 DEBUG [or.hi.ty.BasicTypeRegistry]] (Quarkus Main Thread) Adding type registration url -> org.hibernate.type.UrlType@14bdeb54
13:54:51 DEBUG [or.hi.ty.BasicTypeRegistry]] (Quarkus Main Thread) Adding type registration java.net.URL -> org.hibernate.type.UrlType@14bdeb54
13:54:51 DEBUG [or.hi.ty.BasicTypeRegistry]] (Quarkus Main Thread) Adding type registration Duration -> org.hibernate.type.DurationType@471be528
13:54:51 DEBUG [or.hi.ty.BasicTypeRegistry]] (Quarkus Main Thread) Adding type registration java.time.Duration -> org.hibernate.type.DurationType@471be528
13:54:51 DEBUG [or.hi.ty.BasicTypeRegistry]] (Quarkus Main Thread) Adding type registration Instant -> org.hibernate.type.InstantType@62692463
13:54:51 DEBUG [or.hi.ty.BasicTypeRegistry]] (Quarkus Main Thread) Adding type registration java.time.Instant -> org.hibernate.type.InstantType@62692463
13:54:51 DEBUG [or.hi.ty.BasicTypeRegistry]] (Quarkus Main Thread) Adding type registration LocalDateTime -> org.hibernate.type.LocalDateTimeType@540747c
13:54:51 DEBUG [or.hi.ty.BasicTypeRegistry]] (Quarkus Main Thread) Adding type registration java.time.LocalDateTime -> org.hibernate.type.LocalDateTimeType@540747c
13:54:51 DEBUG [or.hi.ty.BasicTypeRegistry]] (Quarkus Main Thread) Adding type registration LocalDate -> org.hibernate.type.LocalDateType@7e5cc8cb
13:54:51 DEBUG [or.hi.ty.BasicTypeRegistry]] (Quarkus Main Thread) Adding type registration java.time.LocalDate -> org.hibernate.type.LocalDateType@7e5cc8cb
13:54:51 DEBUG [or.hi.ty.BasicTypeRegistry]] (Quarkus Main Thread) Adding type registration LocalTime -> org.hibernate.type.LocalTimeType@66f6508d
13:54:51 DEBUG [or.hi.ty.BasicTypeRegistry]] (Quarkus Main Thread) Adding type registration java.time.LocalTime -> org.hibernate.type.LocalTimeType@66f6508d
13:54:51 DEBUG [or.hi.ty.BasicTypeRegistry]] (Quarkus Main Thread) Adding type registration OffsetDateTime -> org.hibernate.type.OffsetDateTimeType@4d173a0c
13:54:51 DEBUG [or.hi.ty.BasicTypeRegistry]] (Quarkus Main Thread) Adding type registration java.time.OffsetDateTime -> org.hibernate.type.OffsetDateTimeType@4d173a0c
13:54:51 DEBUG [or.hi.ty.BasicTypeRegistry]] (Quarkus Main Thread) Adding type registration OffsetTime -> org.hibernate.type.OffsetTimeType@4b724446
13:54:51 DEBUG [or.hi.ty.BasicTypeRegistry]] (Quarkus Main Thread) Adding type registration java.time.OffsetTime -> org.hibernate.type.OffsetTimeType@4b724446
13:54:51 DEBUG [or.hi.ty.BasicTypeRegistry]] (Quarkus Main Thread) Adding type registration ZonedDateTime -> org.hibernate.type.ZonedDateTimeType@53f0d773
13:54:51 DEBUG [or.hi.ty.BasicTypeRegistry]] (Quarkus Main Thread) Adding type registration java.time.ZonedDateTime -> org.hibernate.type.ZonedDateTimeType@53f0d773
13:54:51 DEBUG [or.hi.ty.BasicTypeRegistry]] (Quarkus Main Thread) Adding type registration date -> org.hibernate.type.DateType@7d697b8
13:54:51 DEBUG [or.hi.ty.BasicTypeRegistry]] (Quarkus Main Thread) Adding type registration java.sql.Date -> org.hibernate.type.DateType@7d697b8
13:54:51 DEBUG [or.hi.ty.BasicTypeRegistry]] (Quarkus Main Thread) Adding type registration time -> org.hibernate.type.TimeType@73e50a14
13:54:51 DEBUG [or.hi.ty.BasicTypeRegistry]] (Quarkus Main Thread) Adding type registration java.sql.Time -> org.hibernate.type.TimeType@73e50a14
13:54:51 DEBUG [or.hi.ty.BasicTypeRegistry]] (Quarkus Main Thread) Adding type registration timestamp -> org.hibernate.type.TimestampType@2aec305a
13:54:51 DEBUG [or.hi.ty.BasicTypeRegistry]] (Quarkus Main Thread) Adding type registration java.sql.Timestamp -> org.hibernate.type.TimestampType@2aec305a
13:54:51 DEBUG [or.hi.ty.BasicTypeRegistry]] (Quarkus Main Thread) Adding type registration java.util.Date -> org.hibernate.type.TimestampType@2aec305a
13:54:51 DEBUG [or.hi.ty.BasicTypeRegistry]] (Quarkus Main Thread) Adding type registration dbtimestamp -> org.hibernate.type.DbTimestampType@7f72213b
13:54:51 DEBUG [or.hi.ty.BasicTypeRegistry]] (Quarkus Main Thread) Adding type registration calendar -> org.hibernate.type.CalendarType@4caa123a
13:54:51 DEBUG [or.hi.ty.BasicTypeRegistry]] (Quarkus Main Thread) Adding type registration java.util.Calendar -> org.hibernate.type.CalendarType@4caa123a
13:54:51 DEBUG [or.hi.ty.BasicTypeRegistry]] (Quarkus Main Thread) Adding type registration java.util.GregorianCalendar -> org.hibernate.type.CalendarType@4caa123a
13:54:51 DEBUG [or.hi.ty.BasicTypeRegistry]] (Quarkus Main Thread) Adding type registration calendar_date -> org.hibernate.type.CalendarDateType@17c41411
13:54:51 DEBUG [or.hi.ty.BasicTypeRegistry]] (Quarkus Main Thread) Adding type registration calendar_time -> org.hibernate.type.CalendarTimeType@5c619853
13:54:51 DEBUG [or.hi.ty.BasicTypeRegistry]] (Quarkus Main Thread) Adding type registration locale -> org.hibernate.type.LocaleType@32f4011d
13:54:51 DEBUG [or.hi.ty.BasicTypeRegistry]] (Quarkus Main Thread) Adding type registration java.util.Locale -> org.hibernate.type.LocaleType@32f4011d
13:54:51 DEBUG [or.hi.ty.BasicTypeRegistry]] (Quarkus Main Thread) Adding type registration currency -> org.hibernate.type.CurrencyType@2e53febb
13:54:51 DEBUG [or.hi.ty.BasicTypeRegistry]] (Quarkus Main Thread) Adding type registration java.util.Currency -> org.hibernate.type.CurrencyType@2e53febb
13:54:51 DEBUG [or.hi.ty.BasicTypeRegistry]] (Quarkus Main Thread) Adding type registration timezone -> org.hibernate.type.TimeZoneType@190013fc
13:54:51 DEBUG [or.hi.ty.BasicTypeRegistry]] (Quarkus Main Thread) Adding type registration java.util.TimeZone -> org.hibernate.type.TimeZoneType@190013fc
13:54:51 DEBUG [or.hi.ty.BasicTypeRegistry]] (Quarkus Main Thread) Adding type registration class -> org.hibernate.type.ClassType@4973a38f
13:54:51 DEBUG [or.hi.ty.BasicTypeRegistry]] (Quarkus Main Thread) Adding type registration java.lang.Class -> org.hibernate.type.ClassType@4973a38f
13:54:51 DEBUG [or.hi.ty.BasicTypeRegistry]] (Quarkus Main Thread) Adding type registration uuid-binary -> org.hibernate.type.UUIDBinaryType@5b1dbf55
13:54:51 DEBUG [or.hi.ty.BasicTypeRegistry]] (Quarkus Main Thread) Adding type registration java.util.UUID -> org.hibernate.type.UUIDBinaryType@5b1dbf55
13:54:51 DEBUG [or.hi.ty.BasicTypeRegistry]] (Quarkus Main Thread) Adding type registration uuid-char -> org.hibernate.type.UUIDCharType@6a8a24ab
13:54:51 DEBUG [or.hi.ty.BasicTypeRegistry]] (Quarkus Main Thread) Adding type registration binary -> org.hibernate.type.BinaryType@738c55f5
13:54:51 DEBUG [or.hi.ty.BasicTypeRegistry]] (Quarkus Main Thread) Adding type registration byte[] -> org.hibernate.type.BinaryType@738c55f5
13:54:51 DEBUG [or.hi.ty.BasicTypeRegistry]] (Quarkus Main Thread) Adding type registration [B -> org.hibernate.type.BinaryType@738c55f5
13:54:51 DEBUG [or.hi.ty.BasicTypeRegistry]] (Quarkus Main Thread) Adding type registration wrapper-binary -> org.hibernate.type.WrapperBinaryType@2737efd0
13:54:51 DEBUG [or.hi.ty.BasicTypeRegistry]] (Quarkus Main Thread) Adding type registration Byte[] -> org.hibernate.type.WrapperBinaryType@2737efd0
13:54:51 DEBUG [or.hi.ty.BasicTypeRegistry]] (Quarkus Main Thread) Adding type registration [Ljava.lang.Byte; -> org.hibernate.type.WrapperBinaryType@2737efd0
13:54:51 DEBUG [or.hi.ty.BasicTypeRegistry]] (Quarkus Main Thread) Adding type registration row_version -> org.hibernate.type.RowVersionType@11e60b74
13:54:51 DEBUG [or.hi.ty.BasicTypeRegistry]] (Quarkus Main Thread) Adding type registration image -> org.hibernate.type.ImageType@2af2ca9f
13:54:51 DEBUG [or.hi.ty.BasicTypeRegistry]] (Quarkus Main Thread) Adding type registration characters -> org.hibernate.type.CharArrayType@3bc011c9
13:54:51 DEBUG [or.hi.ty.BasicTypeRegistry]] (Quarkus Main Thread) Adding type registration char[] -> org.hibernate.type.CharArrayType@3bc011c9
13:54:51 DEBUG [or.hi.ty.BasicTypeRegistry]] (Quarkus Main Thread) Adding type registration [C -> org.hibernate.type.CharArrayType@3bc011c9
13:54:51 DEBUG [or.hi.ty.BasicTypeRegistry]] (Quarkus Main Thread) Adding type registration wrapper-characters -> org.hibernate.type.CharacterArrayType@2391300e
13:54:51 DEBUG [or.hi.ty.BasicTypeRegistry]] (Quarkus Main Thread) Adding type registration [Ljava.lang.Character; -> org.hibernate.type.CharacterArrayType@2391300e
13:54:51 DEBUG [or.hi.ty.BasicTypeRegistry]] (Quarkus Main Thread) Adding type registration Character[] -> org.hibernate.type.CharacterArrayType@2391300e
13:54:51 DEBUG [or.hi.ty.BasicTypeRegistry]] (Quarkus Main Thread) Adding type registration text -> org.hibernate.type.TextType@28d22a3
13:54:51 DEBUG [or.hi.ty.BasicTypeRegistry]] (Quarkus Main Thread) Adding type registration ntext -> org.hibernate.type.NTextType@3e97a65f
13:54:51 DEBUG [or.hi.ty.BasicTypeRegistry]] (Quarkus Main Thread) Adding type registration blob -> org.hibernate.type.BlobType@5e2b61d
13:54:51 DEBUG [or.hi.ty.BasicTypeRegistry]] (Quarkus Main Thread) Adding type registration java.sql.Blob -> org.hibernate.type.BlobType@5e2b61d
13:54:51 DEBUG [or.hi.ty.BasicTypeRegistry]] (Quarkus Main Thread) Adding type registration materialized_blob -> org.hibernate.type.MaterializedBlobType@2f59e7ef
13:54:51 DEBUG [or.hi.ty.BasicTypeRegistry]] (Quarkus Main Thread) Adding type registration clob -> org.hibernate.type.ClobType@442a509d
13:54:51 DEBUG [or.hi.ty.BasicTypeRegistry]] (Quarkus Main Thread) Adding type registration java.sql.Clob -> org.hibernate.type.ClobType@442a509d
13:54:51 DEBUG [or.hi.ty.BasicTypeRegistry]] (Quarkus Main Thread) Adding type registration nclob -> org.hibernate.type.NClobType@470ca319
13:54:51 DEBUG [or.hi.ty.BasicTypeRegistry]] (Quarkus Main Thread) Adding type registration java.sql.NClob -> org.hibernate.type.NClobType@470ca319
13:54:51 DEBUG [or.hi.ty.BasicTypeRegistry]] (Quarkus Main Thread) Adding type registration materialized_clob -> org.hibernate.type.MaterializedClobType@574eb7bb
13:54:51 DEBUG [or.hi.ty.BasicTypeRegistry]] (Quarkus Main Thread) Adding type registration materialized_nclob -> org.hibernate.type.MaterializedNClobType@37485422
13:54:51 DEBUG [or.hi.ty.BasicTypeRegistry]] (Quarkus Main Thread) Adding type registration serializable -> org.hibernate.type.SerializableType@21f054ee
13:54:51 DEBUG [or.hi.ty.BasicTypeRegistry]] (Quarkus Main Thread) Adding type registration object -> org.hibernate.type.ObjectType@3463fa2
13:54:51 DEBUG [or.hi.ty.BasicTypeRegistry]] (Quarkus Main Thread) Adding type registration java.lang.Object -> org.hibernate.type.ObjectType@3463fa2
13:54:51 DEBUG [or.hi.ty.BasicTypeRegistry]] (Quarkus Main Thread) Adding type registration imm_date -> org.hibernate.type.AdaptedImmutableType@2117a31e
13:54:51 DEBUG [or.hi.ty.BasicTypeRegistry]] (Quarkus Main Thread) Adding type registration imm_time -> org.hibernate.type.AdaptedImmutableType@540b1a5a
13:54:51 DEBUG [or.hi.ty.BasicTypeRegistry]] (Quarkus Main Thread) Adding type registration imm_timestamp -> org.hibernate.type.AdaptedImmutableType@777f6311
13:54:51 DEBUG [or.hi.ty.BasicTypeRegistry]] (Quarkus Main Thread) Adding type registration imm_dbtimestamp -> org.hibernate.type.AdaptedImmutableType@45f6f973
13:54:51 DEBUG [or.hi.ty.BasicTypeRegistry]] (Quarkus Main Thread) Adding type registration imm_calendar -> org.hibernate.type.AdaptedImmutableType@59e5ad80
13:54:51 DEBUG [or.hi.ty.BasicTypeRegistry]] (Quarkus Main Thread) Adding type registration imm_calendar_date -> org.hibernate.type.AdaptedImmutableType@5530b52c
13:54:51 DEBUG [or.hi.ty.BasicTypeRegistry]] (Quarkus Main Thread) Adding type registration imm_binary -> org.hibernate.type.AdaptedImmutableType@59db3370
13:54:51 DEBUG [or.hi.ty.BasicTypeRegistry]] (Quarkus Main Thread) Adding type registration imm_serializable -> org.hibernate.type.AdaptedImmutableType@2b147459
13:54:51 DEBUG [or.hi.bo.in.BootstrapContextImpl]] (Quarkus Main Thread) Injecting Scanner [io.quarkus.hibernate.orm.runtime.boot.scan.QuarkusScanner@5fe95516] into BootstrapContext; was [null]
13:54:51 DEBUG [or.hi.bo.in.BootstrapContextImpl]] (Quarkus Main Thread) Injecting ScanEnvironment [org.hibernate.jpa.boot.internal.StandardJpaScanEnvironmentImpl@fa01212] into BootstrapContext; was [null]
13:54:51 DEBUG [or.hi.bo.in.BootstrapContextImpl]] (Quarkus Main Thread) Injecting ScanOptions [org.hibernate.boot.archive.scan.internal.StandardScanOptions@fe0f025] into BootstrapContext; was [org.hibernate.boot.archive.scan.internal.StandardScanOptions@7deeb3c]
13:54:51 DEBUG [or.hi.bo.in.BootstrapContextImpl]] (Quarkus Main Thread) Injecting JPA temp ClassLoader [null] into BootstrapContext; was [null]
13:54:51 DEBUG [or.hi.bo.in.ClassLoaderAccessImpl]] (Quarkus Main Thread) ClassLoaderAccessImpl#injectTempClassLoader(null) [was null]
13:54:51 DEBUG [or.hi.di.Dialect]] (Quarkus Main Thread) HHH000400: Using dialect: io.quarkus.hibernate.orm.runtime.dialect.QuarkusH2Dialect
13:54:51 DEBUG [or.hi.en.jd.en.in.LobCreatorBuilderImpl]] (Quarkus Main Thread) HHH000422: Disabling contextual LOB creation as connection was null
13:54:51 DEBUG [or.hi.ty.sp.TypeConfiguration$Scope]] (Quarkus Main Thread) Scoping TypeConfiguration [org.hibernate.type.spi.TypeConfiguration@128a4f34] to MetadataBuildingContext [org.hibernate.boot.internal.MetadataBuildingContextRootImpl@1d35fff5]
13:54:51 DEBUG [or.hi.bo.mo.so.in.an.AnnotationMetadataSourceProcessorImpl]] (Quarkus Main Thread) Encountered a non-categorized annotated class [io.quarkus.hibernate.orm.panache.PanacheEntityBase]; ignoring
13:54:51 DEBUG [or.hi.bo.mo.re.Namespace]] (Quarkus Main Thread) Created database namespace [logicalName=Name{catalog=null, schema=null}, physicalName=Name{catalog=null, schema=null}]
13:54:51 DEBUG [or.hi.bo.mo.so.in.an.AnnotationMetadataSourceProcessorImpl]] (Quarkus Main Thread) Skipping explicit MappedSuperclass io.quarkus.hibernate.orm.panache.PanacheEntity, the class will be discovered analyzing the implementing class
13:54:51 DEBUG [or.hi.cf.AnnotationBinder]] (Quarkus Main Thread) Binding entity from annotated class: org.acme.Person
13:54:51 DEBUG [or.hi.cf.Ejb3Column]] (Quarkus Main Thread) Binding column: Ejb3DiscriminatorColumn{logicalColumnName'DTYPE', discriminatorTypeName='string'}
13:54:51 DEBUG [or.hi.cf.an.EntityBinder]] (Quarkus Main Thread) Import with entity name Person
13:54:51 DEBUG [or.hi.cf.an.EntityBinder]] (Quarkus Main Thread) Bind entity org.acme.Person on table Person
13:54:51 DEBUG [or.hi.cf.Ejb3Column]] (Quarkus Main Thread) Binding column: Ejb3Column{table=org.hibernate.mapping.Table(Person), mappingColumn=id, insertable=true, updatable=true, unique=false}
13:54:51 DEBUG [or.hi.bo.in.ClassLoaderAccessImpl]] (Quarkus Main Thread) Not known whether passed class name [org.acme.Person] is safe
13:54:51 DEBUG [or.hi.bo.in.ClassLoaderAccessImpl]] (Quarkus Main Thread) No temp ClassLoader provided; using live ClassLoader for loading potentially unsafe class : org.acme.Person
13:54:51 DEBUG [or.hi.cf.an.PropertyBinder]] (Quarkus Main Thread) MetadataSourceProcessor property id with lazy=false
13:54:51 DEBUG [or.hi.cf.AbstractPropertyHolder]] (Quarkus Main Thread) Attempting to locate auto-apply AttributeConverter for property [org.acme.Person:id]
13:54:51 DEBUG [or.hi.cf.an.SimpleValueBinder]] (Quarkus Main Thread) building SimpleValue for id
13:54:51 DEBUG [or.hi.cf.an.PropertyBinder]] (Quarkus Main Thread) Building property id
13:54:51 DEBUG [or.hi.cf.BinderHelper]] (Quarkus Main Thread) #makeIdGenerator(org.hibernate.mapping.SimpleValue([org.hibernate.mapping.Column(id)]), id, org.hibernate.id.enhanced.SequenceStyleGenerator, , ...)
13:54:51 DEBUG [or.hi.cf.Ejb3Column]] (Quarkus Main Thread) Binding column: Ejb3Column{table=org.hibernate.mapping.Table(Person), mappingColumn=first_name, insertable=true, updatable=true, unique=false}
13:54:51 DEBUG [or.hi.cf.an.PropertyBinder]] (Quarkus Main Thread) MetadataSourceProcessor property firstName with lazy=false
13:54:51 DEBUG [or.hi.cf.AbstractPropertyHolder]] (Quarkus Main Thread) Attempting to locate auto-apply AttributeConverter for property [org.acme.Person:firstName]
13:54:51 DEBUG [or.hi.cf.an.SimpleValueBinder]] (Quarkus Main Thread) building SimpleValue for firstName
13:54:51 DEBUG [or.hi.cf.an.PropertyBinder]] (Quarkus Main Thread) Building property firstName
13:54:51 DEBUG [or.hi.cf.Ejb3Column]] (Quarkus Main Thread) Binding column: Ejb3Column{table=org.hibernate.mapping.Table(Person), mappingColumn=last_name, insertable=true, updatable=true, unique=false}
13:54:51 DEBUG [or.hi.cf.an.PropertyBinder]] (Quarkus Main Thread) MetadataSourceProcessor property lastName with lazy=false
13:54:51 DEBUG [or.hi.cf.AbstractPropertyHolder]] (Quarkus Main Thread) Attempting to locate auto-apply AttributeConverter for property [org.acme.Person:lastName]
13:54:51 DEBUG [or.hi.cf.an.SimpleValueBinder]] (Quarkus Main Thread) building SimpleValue for lastName
13:54:51 DEBUG [or.hi.cf.an.PropertyBinder]] (Quarkus Main Thread) Building property lastName
13:54:51 DEBUG [or.hi.cf.Ejb3Column]] (Quarkus Main Thread) Binding column: Ejb3Column{table=org.hibernate.mapping.Table(Person), mappingColumn=salutation, insertable=true, updatable=true, unique=false}
13:54:51 DEBUG [or.hi.cf.an.PropertyBinder]] (Quarkus Main Thread) MetadataSourceProcessor property salutation with lazy=false
13:54:51 DEBUG [or.hi.cf.AbstractPropertyHolder]] (Quarkus Main Thread) Attempting to locate auto-apply AttributeConverter for property [org.acme.Person:salutation]
13:54:51 DEBUG [or.hi.cf.an.SimpleValueBinder]] (Quarkus Main Thread) building SimpleValue for salutation
13:54:51 DEBUG [or.hi.cf.an.PropertyBinder]] (Quarkus Main Thread) Building property salutation
13:54:51 DEBUG [or.hi.cf.an.SimpleValueBinder]] (Quarkus Main Thread) Starting fillSimpleValue for id
13:54:51 DEBUG [or.hi.cf.an.SimpleValueBinder]] (Quarkus Main Thread) Starting fillSimpleValue for firstName
13:54:51 DEBUG [or.hi.cf.an.SimpleValueBinder]] (Quarkus Main Thread) Starting fillSimpleValue for lastName
13:54:51 DEBUG [or.hi.cf.an.SimpleValueBinder]] (Quarkus Main Thread) Starting fillSimpleValue for salutation
13:54:51 DEBUG [or.hi.ma.PrimaryKey]] (Quarkus Main Thread) Forcing column [id] to be non-null as it is part of the primary key for table [person]
13:54:51 DEBUG [or.in.qu.hi.ca.QuarkusInfinispanRegionFactory]] (Quarkus Main Thread) Stop region factory
13:54:51 DEBUG [or.in.qu.hi.ca.QuarkusInfinispanRegionFactory]] (Quarkus Main Thread) Clear region references
13:54:51 DEBUG [or.hi.bo.re.in.BootstrapServiceRegistryImpl]] (Quarkus Main Thread) Implicitly destroying Boot-strap registry on de-registration of all child ServiceRegistries
13:54:51 DEBUG [or.hi.bo.re.in.BootstrapServiceRegistryImpl]] (Quarkus Main Thread) Implicitly destroying Boot-strap registry on de-registration of all child ServiceRegistries
13:54:51 DEBUG [or.hi.bo.in.ClassLoaderAccessImpl]] (Quarkus Main Thread) Not known whether passed class name [org.acme.Person] is safe
13:54:51 DEBUG [or.hi.bo.in.ClassLoaderAccessImpl]] (Quarkus Main Thread) No temp ClassLoader provided; using live ClassLoader for loading potentially unsafe class : org.acme.Person
13:54:51 DEBUG [io.qu.ar.ru.ArcRecorder]] (Quarkus Main Thread) Bean container listener io.quarkus.hibernate.orm.runtime.HibernateOrmRecorder$1 finished in 136 ms
13:54:51 DEBUG [io.qu.re.runtime]] (Quarkus Main Thread) Create constructor: public io.quarkus.resteasy.common.runtime.jackson.QuarkusObjectMapperContextResolver()
13:54:51 DEBUG [io.qu.re.runtime]] (Quarkus Main Thread) Create constructor: public org.jboss.resteasy.plugins.providers.DefaultTextPlain()
13:54:51 DEBUG [io.qu.re.runtime]] (Quarkus Main Thread) Create constructor: public org.jboss.resteasy.plugins.providers.DefaultTextPlain()
13:54:51 DEBUG [io.qu.re.runtime]] (Quarkus Main Thread) Create constructor: public org.jboss.resteasy.plugins.providers.DefaultTextPlain()
13:54:51 DEBUG [io.qu.re.runtime]] (Quarkus Main Thread) Create constructor: public org.jboss.resteasy.plugins.providers.DefaultTextPlain()
13:54:51 DEBUG [io.qu.re.runtime]] (Quarkus Main Thread) Create constructor: public io.quarkus.resteasy.runtime.vertx.JsonObjectWriter()
13:54:51 DEBUG [io.qu.re.runtime]] (Quarkus Main Thread) Create constructor: public io.quarkus.resteasy.runtime.vertx.JsonObjectWriter()
13:54:51 DEBUG [io.qu.re.runtime]] (Quarkus Main Thread) Create constructor: public org.jboss.resteasy.plugins.providers.ReactiveStreamProvider()
13:54:51 DEBUG [io.qu.re.runtime]] (Quarkus Main Thread) Create constructor: public org.jboss.resteasy.plugins.interceptors.CacheControlFeature()
13:54:51 DEBUG [io.qu.re.runtime]] (Quarkus Main Thread) Create constructor: public org.jboss.resteasy.plugins.interceptors.CacheControlFeature()
13:54:51 DEBUG [io.qu.re.runtime]] (Quarkus Main Thread) Create constructor: public org.jboss.resteasy.plugins.interceptors.ServerContentEncodingAnnotationFeature()
13:54:51 DEBUG [io.qu.re.runtime]] (Quarkus Main Thread) Create constructor: public org.jboss.resteasy.plugins.providers.CompletionStageProvider()
13:54:51 DEBUG [io.qu.re.runtime]] (Quarkus Main Thread) Create constructor: public org.jboss.resteasy.plugins.interceptors.ClientContentEncodingAnnotationFeature()
13:54:51 DEBUG [io.qu.re.runtime]] (Quarkus Main Thread) Create constructor: public io.quarkus.resteasy.runtime.AuthenticationCompletionExceptionMapper()
13:54:51 DEBUG [io.qu.re.runtime]] (Quarkus Main Thread) Create constructor: public org.jboss.resteasy.plugins.providers.DefaultNumberWriter()
13:54:51 DEBUG [io.qu.re.runtime]] (Quarkus Main Thread) Create constructor: public org.jboss.resteasy.plugins.providers.DefaultNumberWriter()
13:54:51 DEBUG [io.qu.re.runtime]] (Quarkus Main Thread) Create constructor: public org.jboss.resteasy.plugins.providers.jackson.ResteasyJackson2Provider()
13:54:51 DEBUG [io.qu.re.runtime]] (Quarkus Main Thread) Create constructor: public org.jboss.resteasy.plugins.providers.jackson.ResteasyJackson2Provider()
13:54:51 DEBUG [io.qu.re.runtime]] (Quarkus Main Thread) Create constructor: public org.jboss.resteasy.plugins.providers.jackson.ResteasyJackson2Provider()
13:54:51 DEBUG [io.qu.re.runtime]] (Quarkus Main Thread) Create constructor: public org.jboss.resteasy.plugins.providers.jackson.ResteasyJackson2Provider()
13:54:51 DEBUG [io.qu.re.runtime]] (Quarkus Main Thread) Create constructor: public org.jboss.resteasy.plugins.providers.jackson.UnrecognizedPropertyExceptionHandler()
13:54:51 DEBUG [io.qu.re.runtime]] (Quarkus Main Thread) Create constructor: public io.quarkus.resteasy.mutiny.common.runtime.MultiProvider()
13:54:51 DEBUG [io.qu.re.runtime]] (Quarkus Main Thread) Create constructor: public io.quarkus.resteasy.common.runtime.jackson.QuarkusJacksonSerializer()
13:54:51 DEBUG [io.qu.re.runtime]] (Quarkus Main Thread) Create constructor: public io.quarkus.resteasy.common.runtime.jackson.QuarkusJacksonSerializer()
13:54:51 DEBUG [io.qu.re.runtime]] (Quarkus Main Thread) Create constructor: public io.quarkus.resteasy.common.runtime.jackson.QuarkusJacksonSerializer()
13:54:51 DEBUG [io.qu.re.runtime]] (Quarkus Main Thread) Create constructor: public io.quarkus.resteasy.common.runtime.jackson.QuarkusJacksonSerializer()
13:54:51 DEBUG [io.qu.re.runtime]] (Quarkus Main Thread) Create constructor: public io.quarkus.resteasy.runtime.vertx.JsonArrayReader()
13:54:51 DEBUG [io.qu.re.runtime]] (Quarkus Main Thread) Create constructor: public io.quarkus.resteasy.runtime.vertx.JsonArrayReader()
13:54:51 DEBUG [io.qu.re.runtime]] (Quarkus Main Thread) Create constructor: public io.quarkus.resteasy.runtime.vertx.JsonObjectReader()
13:54:51 DEBUG [io.qu.re.runtime]] (Quarkus Main Thread) Create constructor: public io.quarkus.resteasy.runtime.vertx.JsonObjectReader()
13:54:51 DEBUG [io.qu.re.runtime]] (Quarkus Main Thread) Create constructor: public org.jboss.resteasy.plugins.providers.FileProvider()
13:54:51 DEBUG [io.qu.re.runtime]] (Quarkus Main Thread) Create constructor: public org.jboss.resteasy.plugins.providers.FileProvider()
13:54:51 DEBUG [io.qu.re.runtime]] (Quarkus Main Thread) Create constructor: public org.jboss.resteasy.plugins.providers.FileProvider()
13:54:51 DEBUG [io.qu.re.runtime]] (Quarkus Main Thread) Create constructor: public org.jboss.resteasy.plugins.providers.FileProvider()
13:54:51 DEBUG [io.qu.re.runtime]] (Quarkus Main Thread) Create constructor: public io.quarkus.resteasy.runtime.ForbiddenExceptionMapper()
13:54:51 DEBUG [io.qu.re.runtime]] (Quarkus Main Thread) Create constructor: public io.quarkus.resteasy.runtime.CompositeExceptionMapper()
13:54:51 DEBUG [io.qu.re.runtime]] (Quarkus Main Thread) Create constructor: public io.quarkus.resteasy.runtime.NotFoundExceptionMapper()
13:54:51 DEBUG [io.qu.re.runtime]] (Quarkus Main Thread) Create constructor: public io.quarkus.resteasy.runtime.AuthenticationRedirectExceptionMapper()
13:54:51 DEBUG [io.qu.re.runtime]] (Quarkus Main Thread) Create constructor: public org.jboss.resteasy.plugins.providers.MultiValuedParamConverterProvider()
13:54:51 DEBUG [io.qu.re.runtime]] (Quarkus Main Thread) Create constructor: public org.jboss.resteasy.plugins.providers.ByteArrayProvider()
13:54:51 DEBUG [io.qu.re.runtime]] (Quarkus Main Thread) Create constructor: public org.jboss.resteasy.plugins.providers.ByteArrayProvider()
13:54:51 DEBUG [io.qu.re.runtime]] (Quarkus Main Thread) Create constructor: public org.jboss.resteasy.plugins.providers.ByteArrayProvider()
13:54:51 DEBUG [io.qu.re.runtime]] (Quarkus Main Thread) Create constructor: public org.jboss.resteasy.plugins.providers.ByteArrayProvider()
13:54:51 DEBUG [io.qu.re.runtime]] (Quarkus Main Thread) Create constructor: public org.jboss.resteasy.plugins.providers.DefaultBooleanWriter()
13:54:51 DEBUG [io.qu.re.runtime]] (Quarkus Main Thread) Create constructor: public org.jboss.resteasy.plugins.providers.DefaultBooleanWriter()
13:54:51 DEBUG [io.qu.re.runtime]] (Quarkus Main Thread) Create constructor: public org.jboss.resteasy.plugins.providers.StringTextStar()
13:54:51 DEBUG [io.qu.re.runtime]] (Quarkus Main Thread) Create constructor: public org.jboss.resteasy.plugins.providers.StringTextStar()
13:54:51 DEBUG [io.qu.re.runtime]] (Quarkus Main Thread) Create constructor: public org.jboss.resteasy.plugins.providers.StringTextStar()
13:54:51 DEBUG [io.qu.re.runtime]] (Quarkus Main Thread) Create constructor: public org.jboss.resteasy.plugins.providers.StringTextStar()
13:54:51 DEBUG [io.qu.re.runtime]] (Quarkus Main Thread) Create constructor: public io.quarkus.resteasy.runtime.vertx.JsonArrayWriter()
13:54:51 DEBUG [io.qu.re.runtime]] (Quarkus Main Thread) Create constructor: public io.quarkus.resteasy.runtime.vertx.JsonArrayWriter()
13:54:51 DEBUG [io.qu.re.runtime]] (Quarkus Main Thread) Create constructor: public io.quarkus.resteasy.runtime.UnauthorizedExceptionMapper()
13:54:51 DEBUG [io.qu.re.runtime]] (Quarkus Main Thread) Create constructor: public io.quarkus.resteasy.mutiny.common.runtime.UniProvider()
13:54:51 DEBUG [io.qu.re.runtime]] (Quarkus Main Thread) Create constructor: public io.quarkus.resteasy.mutiny.common.runtime.UniProvider()
13:54:51 DEBUG [io.qu.re.runtime]] (Quarkus Main Thread) Create constructor: public io.quarkus.resteasy.runtime.AuthenticationFailedExceptionMapper()
13:54:51 DEBUG [io.qu.re.runtime]] (Quarkus Main Thread) Create constructor: public org.jboss.resteasy.plugins.providers.StreamingOutputProvider()
13:54:51 DEBUG [io.qu.re.runtime]] (Quarkus Main Thread) Create constructor: public org.jboss.resteasy.plugins.providers.StreamingOutputProvider()
13:54:51 DEBUG [io.qu.re.runtime]] (Quarkus Main Thread) Create constructor: public org.jboss.resteasy.plugins.providers.ReaderProvider()
13:54:51 DEBUG [io.qu.re.runtime]] (Quarkus Main Thread) Create constructor: public org.jboss.resteasy.plugins.providers.ReaderProvider()
13:54:51 DEBUG [io.qu.re.runtime]] (Quarkus Main Thread) Create constructor: public org.jboss.resteasy.plugins.providers.ReaderProvider()
13:54:51 DEBUG [io.qu.re.runtime]] (Quarkus Main Thread) Create constructor: public org.jboss.resteasy.plugins.providers.ReaderProvider()
13:54:51 DEBUG [io.qu.re.runtime]] (Quarkus Main Thread) Create constructor: public org.jboss.resteasy.plugins.providers.DataSourceProvider()
13:54:51 DEBUG [io.qu.re.runtime]] (Quarkus Main Thread) Create constructor: public org.jboss.resteasy.plugins.providers.DataSourceProvider()
13:54:51 DEBUG [io.qu.re.runtime]] (Quarkus Main Thread) Create constructor: public org.jboss.resteasy.plugins.providers.DataSourceProvider()
13:54:51 DEBUG [io.qu.re.runtime]] (Quarkus Main Thread) Create constructor: public org.jboss.resteasy.plugins.providers.DataSourceProvider()
13:54:51 DEBUG [io.qu.re.runtime]] (Quarkus Main Thread) Create constructor: public org.jboss.resteasy.plugins.providers.AsyncStreamingOutputProvider()
13:54:51 DEBUG [io.qu.re.runtime]] (Quarkus Main Thread) Create constructor: public org.jboss.resteasy.plugins.providers.AsyncStreamingOutputProvider()
13:54:51 DEBUG [io.qu.re.runtime]] (Quarkus Main Thread) Create constructor: public org.jboss.resteasy.plugins.providers.FileRangeWriter()
13:54:51 DEBUG [io.qu.re.runtime]] (Quarkus Main Thread) Create constructor: public org.jboss.resteasy.plugins.providers.FileRangeWriter()
13:54:51 DEBUG [io.qu.re.runtime]] (Quarkus Main Thread) Create constructor: public org.jboss.resteasy.plugins.providers.InputStreamProvider()
13:54:51 DEBUG [io.qu.re.runtime]] (Quarkus Main Thread) Create constructor: public org.jboss.resteasy.plugins.providers.InputStreamProvider()
13:54:51 DEBUG [io.qu.re.runtime]] (Quarkus Main Thread) Create constructor: public org.jboss.resteasy.plugins.providers.InputStreamProvider()
13:54:51 DEBUG [io.qu.re.runtime]] (Quarkus Main Thread) Create constructor: public org.jboss.resteasy.plugins.providers.InputStreamProvider()
13:54:51 DEBUG [io.qu.re.runtime]] (Quarkus Main Thread) Create resource constructor: public org.acme.index()
13:54:51 DEBUG [io.qu.re.runtime]] (Quarkus Main Thread) Create constructor: public org.jboss.resteasy.plugins.providers.jackson.PatchMethodFilter()
13:54:51 DEBUG [io.qu.re.runtime]] (Quarkus Main Thread) Create constructor: public org.jboss.resteasy.plugins.providers.sse.SseEventSinkInterceptor()
13:54:51 DEBUG [io.qu.re.runtime]] (Quarkus Main Thread) Create constructor: public org.jboss.resteasy.plugins.interceptors.MessageSanitizerContainerResponseFilter()
13:54:51 DEBUG [io.qu.re.runtime]] (Quarkus Main Thread) Create resource constructor: public org.acme.PersonResource()
13:54:51 DEBUG [io.ne.ch.DefaultChannelId]] (Thread-69) -Dio.netty.processId: 66100 (auto-detected)
13:54:51 DEBUG [io.ne.ch.DefaultChannelId]] (Thread-69) -Dio.netty.machineId: e5:16:ca:9a:6b:47:dc:61 (user-set)
13:54:51 DEBUG [co.ar.at.jta]] (Quarkus Main Thread) Setting up node identifiers '[1]' for which recovery will be performed
13:54:51 DEBUG [io.ne.ut.in.InternalThreadLocalMap]] (Quarkus Main Thread) -Dio.netty.threadLocalMap.stringBuilder.initialSize: 1024
13:54:51 DEBUG [io.ne.ut.in.InternalThreadLocalMap]] (Quarkus Main Thread) -Dio.netty.threadLocalMap.stringBuilder.maxSize: 4096
13:54:51 DEBUG [io.qu.ag.ru.DataSources]] (Quarkus Main Thread) Started datasource <default> connected to jdbc:h2:mem:default
13:54:51 DEBUG [io.ve.co.lo.LoggerFactory]] (Quarkus Main Thread) Using io.vertx.core.logging.SLF4JLogDelegateFactory
13:54:51 DEBUG [io.qu.ve.co.ru.VertxCoreRecorder]] (Quarkus Main Thread) Vert.x Cache configured to: C:\Users\HAMICH~1\AppData\Local\Temp\vertx-cache\3495952041813259455
13:54:51 DEBUG [io.ne.ut.ResourceLeakDetector]] (Quarkus Main Thread) -Dio.netty.leakDetection.level: simple
13:54:51 DEBUG [io.ne.ut.ResourceLeakDetector]] (Quarkus Main Thread) -Dio.netty.leakDetection.targetRecords: 4
13:54:51 DEBUG [io.ne.ch.MultithreadEventLoopGroup]] (Quarkus Main Thread) -Dio.netty.eventLoopThreads: 24
13:54:51 DEBUG [io.ne.ch.ni.NioEventLoop]] (Quarkus Main Thread) -Dio.netty.noKeySetOptimization: false
13:54:51 DEBUG [io.ne.ch.ni.NioEventLoop]] (Quarkus Main Thread) -Dio.netty.selectorAutoRebuildThreshold: 512
13:54:51 DEBUG [io.ne.ut.in.PlatformDependent]] (Quarkus Main Thread) org.jctools-core.MpscChunkedArrayQueue: available
13:54:51 DEBUG [io.qu.ve.co.ru.VertxCoreRecorder]] (Quarkus Main Thread) Vertx has Native Transport Enabled: false
13:54:51 DEBUG [co.ar.at.jta]] (Quarkus Main Thread) Setting up node identifiers '[quarkus]' for which recovery will be performed
13:54:51 DEBUG [io.qu.hi.or.ru.FastBootHibernatePersistenceProvider]] (JPA Startup Thread: <default>) Located 1 persistence units; checking each
13:54:51 DEBUG [io.qu.hi.or.ru.FastBootHibernatePersistenceProvider]] (JPA Startup Thread: <default>) Checking persistence-unit [name=<default>, explicit-provider=null] against incoming persistence unit name [<default>]
13:54:51 DEBUG [io.qu.hi.or.ru.FastBootHibernatePersistenceProvider]] (JPA Startup Thread: <default>) No PersistenceProvider explicitly requested, assuming Hibernate
13:54:52 DEBUG [or.hi.en.jd.en.in.JdbcEnvironmentInitiator]] (JPA Startup Thread: <default>) Database ->
       name : H2
    version : 2.1.214 (2022-06-13)
      major : 2
      minor : 1
13:54:52 DEBUG [or.hi.en.jd.en.in.JdbcEnvironmentInitiator]] (JPA Startup Thread: <default>) Driver ->
       name : H2 JDBC Driver
    version : 2.1.214 (2022-06-13)
      major : 2
      minor : 1
13:54:52 DEBUG [or.hi.en.jd.en.in.JdbcEnvironmentInitiator]] (JPA Startup Thread: <default>) JDBC version : 4.2
13:54:52 DEBUG [or.hi.en.jd.en.sp.IdentifierHelperBuilder]] (JPA Startup Thread: <default>) JDBC driver metadata reported database stores quoted identifiers in neither upper, lower nor mixed case
13:54:52 DEBUG [or.hi.in.SessionFactoryImpl]] (JPA Startup Thread: <default>) Building session factory
13:54:52 DEBUG [or.hi.cf.Settings]] (JPA Startup Thread: <default>) SessionFactory name : null
13:54:52 DEBUG [or.hi.cf.Settings]] (JPA Startup Thread: <default>) Automatic flush during beforeCompletion(): enabled
13:54:52 DEBUG [or.hi.cf.Settings]] (JPA Startup Thread: <default>) Automatic session close at end of transaction: disabled
13:54:52 DEBUG [or.hi.cf.Settings]] (JPA Startup Thread: <default>) Statistics: disabled
13:54:52 DEBUG [or.hi.cf.Settings]] (JPA Startup Thread: <default>) Deleted entity synthetic identifier rollback: disabled
13:54:52 DEBUG [or.hi.cf.Settings]] (JPA Startup Thread: <default>) Default entity-mode: pojo
13:54:52 DEBUG [or.hi.cf.Settings]] (JPA Startup Thread: <default>) Check Nullability in Core (should be disabled when Bean Validation is on): enabled
13:54:52 DEBUG [or.hi.cf.Settings]] (JPA Startup Thread: <default>) Allow initialization of lazy state outside session : disabled
13:54:52 DEBUG [or.hi.cf.Settings]] (JPA Startup Thread: <default>) Using BatchFetchStyle : PADDED
13:54:52 DEBUG [or.hi.cf.Settings]] (JPA Startup Thread: <default>) Default batch fetch size: 16
13:54:52 DEBUG [or.hi.cf.Settings]] (JPA Startup Thread: <default>) Maximum outer join fetch depth: null
13:54:52 DEBUG [or.hi.cf.Settings]] (JPA Startup Thread: <default>) Default null ordering: NONE
13:54:52 DEBUG [or.hi.cf.Settings]] (JPA Startup Thread: <default>) Order SQL updates by primary key: enabled
13:54:52 DEBUG [or.hi.cf.Settings]] (JPA Startup Thread: <default>) Order SQL inserts for batching: disabled
13:54:52 DEBUG [or.hi.cf.Settings]] (JPA Startup Thread: <default>) multi-tenancy strategy : NONE
13:54:52 DEBUG [or.hi.cf.Settings]] (JPA Startup Thread: <default>) JTA Track by Thread: enabled
13:54:52 DEBUG [or.hi.cf.Settings]] (JPA Startup Thread: <default>) Query language substitutions: {}
13:54:52 DEBUG [or.hi.cf.Settings]] (JPA Startup Thread: <default>) Named query checking : enabled
13:54:52 DEBUG [or.hi.cf.Settings]] (JPA Startup Thread: <default>) Second-level cache: enabled
13:54:52 DEBUG [or.hi.cf.Settings]] (JPA Startup Thread: <default>) Second-level query cache: enabled
13:54:52 DEBUG [or.hi.cf.Settings]] (JPA Startup Thread: <default>) Second-level query cache factory: org.hibernate.cache.internal.StandardTimestampsCacheFactory@67919074
13:54:52 DEBUG [or.hi.cf.Settings]] (JPA Startup Thread: <default>) Second-level cache region prefix: null
13:54:52 DEBUG [or.hi.cf.Settings]] (JPA Startup Thread: <default>) Optimize second-level cache for minimal puts: disabled
13:54:52 DEBUG [or.hi.cf.Settings]] (JPA Startup Thread: <default>) Structured second-level cache entries: disabled
13:54:52 DEBUG [or.hi.cf.Settings]] (JPA Startup Thread: <default>) Second-level cache direct-reference entries: enabled
13:54:52 DEBUG [or.hi.cf.Settings]] (JPA Startup Thread: <default>) Automatic eviction of collection cache: disabled
13:54:52 DEBUG [or.hi.cf.Settings]] (JPA Startup Thread: <default>) JDBC batch size: 15
13:54:52 DEBUG [or.hi.cf.Settings]] (JPA Startup Thread: <default>) JDBC batch updates for versioned data: enabled
13:54:52 DEBUG [or.hi.cf.Settings]] (JPA Startup Thread: <default>) Scrollable result sets: enabled
13:54:52 DEBUG [or.hi.cf.Settings]] (JPA Startup Thread: <default>) Wrap result sets: disabled
13:54:52 DEBUG [or.hi.cf.Settings]] (JPA Startup Thread: <default>) JDBC3 getGeneratedKeys(): enabled
13:54:52 DEBUG [or.hi.cf.Settings]] (JPA Startup Thread: <default>) JDBC result set fetch size: null
13:54:52 DEBUG [or.hi.cf.Settings]] (JPA Startup Thread: <default>) Connection release mode: BEFORE_TRANSACTION_COMPLETION
13:54:52 DEBUG [or.hi.cf.Settings]] (JPA Startup Thread: <default>) Generate SQL with comments: disabled
13:54:52 DEBUG [or.hi.cf.Settings]] (JPA Startup Thread: <default>) JPA compliance - query : disabled
13:54:52 DEBUG [or.hi.cf.Settings]] (JPA Startup Thread: <default>) JPA compliance - closed-handling : disabled
13:54:52 DEBUG [or.hi.cf.Settings]] (JPA Startup Thread: <default>) JPA compliance - lists : disabled
13:54:52 DEBUG [or.hi.cf.Settings]] (JPA Startup Thread: <default>) JPA compliance - transactions : disabled
13:54:52 DEBUG [or.hi.se.in.SessionFactoryServiceRegistryImpl]] (JPA Startup Thread: <default>) EventListenerRegistry access via ServiceRegistry is deprecated.  Use `sessionFactory.getEventEngine().getListenerRegistry()` instead
13:54:52 DEBUG [or.in.qu.hi.ca.QuarkusInfinispanRegionFactory]] (JPA Startup Thread: <default>) Starting Infinispan region factory
13:54:52 DEBUG [or.in.qu.hi.ca.QuarkusInfinispanRegionFactory]] (JPA Startup Thread: <default>) Building timestamps cache region [default-update-timestamps-region]
13:54:52 DEBUG [or.in.qu.hi.ca.QuarkusInfinispanRegionFactory]] (JPA Startup Thread: <default>) Building query results cache region [default-query-results-region]
13:54:52 DEBUG [or.hi.in.SessionFactoryImpl]] (JPA Startup Thread: <default>) Session factory constructed with filter configurations : {}
13:54:52 DEBUG [or.hi.in.SessionFactoryImpl]] (JPA Startup Thread: <default>) Instantiating session factory with properties: {hibernate.hbm2ddl.schema-generation.script.append=false, hibernate.connection.handling_mode=DELAYED_ACQUISITION_AND_RELEASE_BEFORE_TRANSACTION_COMPLETION, hibernate.dialect=io.quarkus.hibernate.orm.runtime.dialect.QuarkusH2Dialect, hibernate.cache.use_query_cache=true, hibernate.hbm2ddl.charset_name=UTF-8, hibernate.xml_mapping_enabled=false, hibernate.query.plan_cache_max_size=2048, hibernate.id.sequence.increment_size_mismatch_strategy=NONE, javax.persistence.schema-generation.scripts.action=none, hibernate.order_updates=true, hibernate.order_by.default_null_ordering=none, javax.persistence.sharedCache.mode=ENABLE_SELECTIVE, hibernate.allow_update_outside_transaction=false, hibernate.bytecode.allow_enhancement_as_proxy=true, javax.persistence.schema-generation.database.action=drop-and-create, javax.persistence.create-database-schemas=false, hibernate.cache.use_reference_entries=true, hibernate.cache.use_second_level_cache=true, hibernate.persistenceUnitName=<default>, hibernate.multiTenancy=NONE, hibernate.jdbc.wrap_result_sets=false, hibernate.temp.use_jdbc_metadata_defaults=true, hibernate.discriminator.ignore_explicit_for_joined=false, hibernate.transaction.coordinator_class=class org.hibernate.resource.transaction.backend.jta.internal.JtaTransactionCoordinatorBuilderImpl, hibernate.connection.provider_disables_autocommit=true, hibernate.connection.datasource=io.agroal.pool.DataSource@51b94e6c, hibernate.hbm2ddl.import_files=dataBase.sql, hibernate.cache.region.factory_class=org.infinispan.quarkus.hibernate.cache.QuarkusInfinispanRegionFactory, hibernate.default_batch_fetch_size=16, hibernate.batch_fetch_style=PADDED}
13:54:52 DEBUG [or.hi.cf.be.TypeSafeActivator]] (JPA Startup Thread: <default>) Unable to acquire Bean Validation ValidatorFactory, skipping activation
13:54:52 DEBUG [or.hi.to.sc.in.SchemaCreatorImpl]] (JPA Startup Thread: <default>) HHH000476: Executing import script 'file:/D:/dev/Reactive_SQL_Client/Reactive_SQL_Client/target/classes/dataBase.sql'
13:54:52 DEBUG [or.hi.or.to.sc.sc.graph]] (JPA Startup Thread: <default>) Import statement : insert into person(id, first_name, last_name, salutation) values (nextval('hibernate_sequence'), 'Doro', 'Pesch', 'Mrs')
13:54:52 DEBUG [or.hi.or.to.sc.sc.graph]] (JPA Startup Thread: <default>) Import statement : insert into person(id, first_name, last_name, salutation) values (nextval('hibernate_sequence'), 'Bobby', 'Brown', 'Mr')
13:54:52 DEBUG [or.hi.or.to.sc.sc.graph]] (JPA Startup Thread: <default>) Import statement : insert into person(id, first_name, last_name, salutation) values (nextval('hibernate_sequence'), 'Curt', 'Cobain', 'Mr')
13:54:52 DEBUG [or.hi.or.to.sc.sc.graph]] (JPA Startup Thread: <default>) Import statement : insert into person(id, first_name, last_name, salutation) values (nextval('hibernate_sequence'), 'Nina', 'Hagen', 'Mrs')
13:54:52 DEBUG [or.hi.or.to.sc.sc.graph]] (JPA Startup Thread: <default>) Import statement : insert into person(id, first_name, last_name, salutation) values (nextval('hibernate_sequence'), 'Jimmi', 'Henrix', 'Mr')
13:54:52 DEBUG [or.hi.or.to.sc.sc.graph]] (JPA Startup Thread: <default>) Import statement : insert into person(id, first_name, last_name, salutation) values (nextval('hibernate_sequence'), 'Janis', 'Joplin', 'Mrs')
13:54:52 DEBUG [or.hi.or.to.sc.sc.graph]] (JPA Startup Thread: <default>) Import statement : insert into person(id, first_name, last_name, salutation) values (nextval('hibernate_sequence'), 'Joe', 'Cocker', 'Mr')
13:54:52 DEBUG [or.hi.or.to.sc.sc.graph]] (JPA Startup Thread: <default>) Import statement : insert into person(id, first_name, last_name, salutation) values (nextval('hibernate_sequence'), 'Alice', 'Cooper', 'Mr')
13:54:52 DEBUG [or.hi.or.to.sc.sc.graph]] (JPA Startup Thread: <default>) Import statement : insert into person(id, first_name, last_name, salutation) values (nextval('hibernate_sequence'), 'Bruce', 'Springsteen', 'Mr')
13:54:52 DEBUG [or.hi.or.to.sc.sc.graph]] (JPA Startup Thread: <default>) Import statement : insert into person(id, first_name, last_name, salutation) values (nextval('hibernate_sequence'), 'Eric', 'Clapton', 'Mr')
13:54:52 DEBUG [or.hi.in.SessionFactoryImpl]] (JPA Startup Thread: <default>) Instantiated session factory
13:54:52 DEBUG [or.hi.ty.sp.TypeConfiguration$Scope]] (JPA Startup Thread: <default>) Scoping TypeConfiguration [org.hibernate.type.spi.TypeConfiguration@128a4f34] to SessionFactoryImpl [org.hibernate.internal.SessionFactoryImpl@3236b61c]
13:54:52 DEBUG [or.hi.pe.en.AbstractEntityPersister]] (JPA Startup Thread: <default>) Static SQL for entity: org.acme.Person
13:54:52 DEBUG [or.hi.pe.en.AbstractEntityPersister]] (JPA Startup Thread: <default>)  Version select: select id from Person where id =?
13:54:52 DEBUG [or.hi.pe.en.AbstractEntityPersister]] (JPA Startup Thread: <default>)  Snapshot select: select person_.id, person_.first_name as first_na2_0_, person_.last_name as last_nam3_0_, person_.salutation as salutati4_0_ from Person person_ where person_.id=?
13:54:52 DEBUG [or.hi.pe.en.AbstractEntityPersister]] (JPA Startup Thread: <default>)  Insert 0: insert into Person (first_name, last_name, salutation, id) values (?, ?, ?, ?)
13:54:52 DEBUG [or.hi.pe.en.AbstractEntityPersister]] (JPA Startup Thread: <default>)  Update 0: update Person set first_name=?, last_name=?, salutation=? where id=?
13:54:52 DEBUG [or.hi.pe.en.AbstractEntityPersister]] (JPA Startup Thread: <default>)  Delete 0: delete from Person where id=?
13:54:52 DEBUG [or.hi.lo.pl.bu.in.sp.QuerySpacesImpl]] (JPA Startup Thread: <default>) Adding QuerySpace : uid = <gen:0> -> org.hibernate.loader.plan.build.internal.spaces.EntityQuerySpaceImpl@c5952b9]
13:54:52 DEBUG [or.hi.pe.wa.sp.MetamodelGraphWalker]] (JPA Startup Thread: <default>) Visiting attribute path : firstName
13:54:52 DEBUG [or.hi.pe.wa.sp.MetamodelGraphWalker]] (JPA Startup Thread: <default>) Visiting attribute path : lastName
13:54:52 DEBUG [or.hi.pe.wa.sp.MetamodelGraphWalker]] (JPA Startup Thread: <default>) Visiting attribute path : salutation
13:54:52 DEBUG [or.hi.lo.pl.bu.in.FetchStyleLoadPlanBuildingAssociationVisitationStrategy]] (JPA Startup Thread: <default>) Building LoadPlan...
13:54:52 DEBUG [or.hi.lo.pl.ex.in.LoadQueryJoinAndFetchProcessor]] (JPA Startup Thread: <default>) processing queryspace <gen:0>
13:54:52 DEBUG [or.hi.lo.pl.bu.sp.LoadPlanTreePrinter]] (JPA Startup Thread: <default>) LoadPlan(entity=org.acme.Person)
    - Returns
       - EntityReturnImpl(entity=org.acme.Person, querySpaceUid=<gen:0>, path=org.acme.Person)
    - QuerySpaces
       - EntityQuerySpaceImpl(uid=<gen:0>, entity=org.acme.Person)
          - SQL table alias mapping - person0_
          - alias suffix - 0_
          - suffixed key columns - {id1_0_0_}

13:54:52 DEBUG [or.hi.lo.en.pl.EntityLoader]] (JPA Startup Thread: <default>) Static select for entity org.acme.Person [NONE:-1]: select person0_.id as id1_0_0_, person0_.first_name as first_na2_0_0_, person0_.last_name as last_nam3_0_0_, person0_.salutation as salutati4_0_0_ from Person person0_ where person0_.id in (?, ?, ?, ?, ?, ?, ?, ?, ?, ?, ?, ?, ?, ?, ?, ?)
13:54:52 DEBUG [or.hi.lo.pl.ex.in.LoadQueryJoinAndFetchProcessor]] (JPA Startup Thread: <default>) processing queryspace <gen:0>
13:54:52 DEBUG [or.hi.lo.pl.bu.sp.LoadPlanTreePrinter]] (JPA Startup Thread: <default>) LoadPlan(entity=org.acme.Person)
    - Returns
       - EntityReturnImpl(entity=org.acme.Person, querySpaceUid=<gen:0>, path=org.acme.Person)
    - QuerySpaces
       - EntityQuerySpaceImpl(uid=<gen:0>, entity=org.acme.Person)
          - SQL table alias mapping - person0_
          - alias suffix - 0_
          - suffixed key columns - {id1_0_0_}

13:54:52 DEBUG [or.hi.lo.en.pl.EntityLoader]] (JPA Startup Thread: <default>) Static select for entity org.acme.Person [NONE:-1]: select person0_.id as id1_0_0_, person0_.first_name as first_na2_0_0_, person0_.last_name as last_nam3_0_0_, person0_.salutation as salutati4_0_0_ from Person person0_ where person0_.id in (?, ?, ?, ?, ?, ?, ?, ?, ?, ?)
13:54:52 DEBUG [or.hi.lo.pl.ex.in.LoadQueryJoinAndFetchProcessor]] (JPA Startup Thread: <default>) processing queryspace <gen:0>
13:54:52 DEBUG [or.hi.lo.pl.bu.sp.LoadPlanTreePrinter]] (JPA Startup Thread: <default>) LoadPlan(entity=org.acme.Person)
    - Returns
       - EntityReturnImpl(entity=org.acme.Person, querySpaceUid=<gen:0>, path=org.acme.Person)
    - QuerySpaces
       - EntityQuerySpaceImpl(uid=<gen:0>, entity=org.acme.Person)
          - SQL table alias mapping - person0_
          - alias suffix - 0_
          - suffixed key columns - {id1_0_0_}

13:54:52 DEBUG [or.hi.lo.en.pl.EntityLoader]] (JPA Startup Thread: <default>) Static select for entity org.acme.Person [NONE:-1]: select person0_.id as id1_0_0_, person0_.first_name as first_na2_0_0_, person0_.last_name as last_nam3_0_0_, person0_.salutation as salutati4_0_0_ from Person person0_ where person0_.id in (?, ?, ?, ?, ?, ?, ?, ?, ?)
13:54:52 DEBUG [or.hi.lo.pl.ex.in.LoadQueryJoinAndFetchProcessor]] (JPA Startup Thread: <default>) processing queryspace <gen:0>
13:54:52 DEBUG [or.hi.lo.pl.bu.sp.LoadPlanTreePrinter]] (JPA Startup Thread: <default>) LoadPlan(entity=org.acme.Person)
    - Returns
       - EntityReturnImpl(entity=org.acme.Person, querySpaceUid=<gen:0>, path=org.acme.Person)
    - QuerySpaces
       - EntityQuerySpaceImpl(uid=<gen:0>, entity=org.acme.Person)
          - SQL table alias mapping - person0_
          - alias suffix - 0_
          - suffixed key columns - {id1_0_0_}

13:54:52 DEBUG [or.hi.lo.en.pl.EntityLoader]] (JPA Startup Thread: <default>) Static select for entity org.acme.Person [NONE:-1]: select person0_.id as id1_0_0_, person0_.first_name as first_na2_0_0_, person0_.last_name as last_nam3_0_0_, person0_.salutation as salutati4_0_0_ from Person person0_ where person0_.id in (?, ?, ?, ?, ?, ?, ?, ?)
13:54:52 DEBUG [or.hi.lo.pl.ex.in.LoadQueryJoinAndFetchProcessor]] (JPA Startup Thread: <default>) processing queryspace <gen:0>
13:54:52 DEBUG [or.hi.lo.pl.bu.sp.LoadPlanTreePrinter]] (JPA Startup Thread: <default>) LoadPlan(entity=org.acme.Person)
    - Returns
       - EntityReturnImpl(entity=org.acme.Person, querySpaceUid=<gen:0>, path=org.acme.Person)
    - QuerySpaces
       - EntityQuerySpaceImpl(uid=<gen:0>, entity=org.acme.Person)
          - SQL table alias mapping - person0_
          - alias suffix - 0_
          - suffixed key columns - {id1_0_0_}

13:54:52 DEBUG [or.hi.lo.en.pl.EntityLoader]] (JPA Startup Thread: <default>) Static select for entity org.acme.Person [NONE:-1]: select person0_.id as id1_0_0_, person0_.first_name as first_na2_0_0_, person0_.last_name as last_nam3_0_0_, person0_.salutation as salutati4_0_0_ from Person person0_ where person0_.id in (?, ?, ?, ?, ?, ?, ?)
13:54:52 DEBUG [or.hi.lo.pl.ex.in.LoadQueryJoinAndFetchProcessor]] (JPA Startup Thread: <default>) processing queryspace <gen:0>
13:54:52 DEBUG [or.hi.lo.pl.bu.sp.LoadPlanTreePrinter]] (JPA Startup Thread: <default>) LoadPlan(entity=org.acme.Person)
    - Returns
       - EntityReturnImpl(entity=org.acme.Person, querySpaceUid=<gen:0>, path=org.acme.Person)
    - QuerySpaces
       - EntityQuerySpaceImpl(uid=<gen:0>, entity=org.acme.Person)
          - SQL table alias mapping - person0_
          - alias suffix - 0_
          - suffixed key columns - {id1_0_0_}

13:54:52 DEBUG [or.hi.lo.en.pl.EntityLoader]] (JPA Startup Thread: <default>) Static select for entity org.acme.Person [NONE:-1]: select person0_.id as id1_0_0_, person0_.first_name as first_na2_0_0_, person0_.last_name as last_nam3_0_0_, person0_.salutation as salutati4_0_0_ from Person person0_ where person0_.id in (?, ?, ?, ?, ?, ?)
13:54:52 DEBUG [or.hi.lo.pl.ex.in.LoadQueryJoinAndFetchProcessor]] (JPA Startup Thread: <default>) processing queryspace <gen:0>
13:54:52 DEBUG [or.hi.lo.pl.bu.sp.LoadPlanTreePrinter]] (JPA Startup Thread: <default>) LoadPlan(entity=org.acme.Person)
    - Returns
       - EntityReturnImpl(entity=org.acme.Person, querySpaceUid=<gen:0>, path=org.acme.Person)
    - QuerySpaces
       - EntityQuerySpaceImpl(uid=<gen:0>, entity=org.acme.Person)
          - SQL table alias mapping - person0_
          - alias suffix - 0_
          - suffixed key columns - {id1_0_0_}

13:54:52 DEBUG [or.hi.lo.en.pl.EntityLoader]] (JPA Startup Thread: <default>) Static select for entity org.acme.Person [NONE:-1]: select person0_.id as id1_0_0_, person0_.first_name as first_na2_0_0_, person0_.last_name as last_nam3_0_0_, person0_.salutation as salutati4_0_0_ from Person person0_ where person0_.id in (?, ?, ?, ?, ?)
13:54:52 DEBUG [or.hi.lo.pl.ex.in.LoadQueryJoinAndFetchProcessor]] (JPA Startup Thread: <default>) processing queryspace <gen:0>
13:54:52 DEBUG [or.hi.lo.pl.bu.sp.LoadPlanTreePrinter]] (JPA Startup Thread: <default>) LoadPlan(entity=org.acme.Person)
    - Returns
       - EntityReturnImpl(entity=org.acme.Person, querySpaceUid=<gen:0>, path=org.acme.Person)
    - QuerySpaces
       - EntityQuerySpaceImpl(uid=<gen:0>, entity=org.acme.Person)
          - SQL table alias mapping - person0_
          - alias suffix - 0_
          - suffixed key columns - {id1_0_0_}

13:54:52 DEBUG [or.hi.lo.en.pl.EntityLoader]] (JPA Startup Thread: <default>) Static select for entity org.acme.Person [NONE:-1]: select person0_.id as id1_0_0_, person0_.first_name as first_na2_0_0_, person0_.last_name as last_nam3_0_0_, person0_.salutation as salutati4_0_0_ from Person person0_ where person0_.id in (?, ?, ?, ?)
13:54:52 DEBUG [or.hi.lo.pl.ex.in.LoadQueryJoinAndFetchProcessor]] (JPA Startup Thread: <default>) processing queryspace <gen:0>
13:54:52 DEBUG [or.hi.lo.pl.bu.sp.LoadPlanTreePrinter]] (JPA Startup Thread: <default>) LoadPlan(entity=org.acme.Person)
    - Returns
       - EntityReturnImpl(entity=org.acme.Person, querySpaceUid=<gen:0>, path=org.acme.Person)
    - QuerySpaces
       - EntityQuerySpaceImpl(uid=<gen:0>, entity=org.acme.Person)
          - SQL table alias mapping - person0_
          - alias suffix - 0_
          - suffixed key columns - {id1_0_0_}

13:54:52 DEBUG [or.hi.lo.en.pl.EntityLoader]] (JPA Startup Thread: <default>) Static select for entity org.acme.Person [NONE:-1]: select person0_.id as id1_0_0_, person0_.first_name as first_na2_0_0_, person0_.last_name as last_nam3_0_0_, person0_.salutation as salutati4_0_0_ from Person person0_ where person0_.id in (?, ?, ?)
13:54:52 DEBUG [or.hi.lo.pl.ex.in.LoadQueryJoinAndFetchProcessor]] (JPA Startup Thread: <default>) processing queryspace <gen:0>
13:54:52 DEBUG [or.hi.lo.pl.bu.sp.LoadPlanTreePrinter]] (JPA Startup Thread: <default>) LoadPlan(entity=org.acme.Person)
    - Returns
       - EntityReturnImpl(entity=org.acme.Person, querySpaceUid=<gen:0>, path=org.acme.Person)
    - QuerySpaces
       - EntityQuerySpaceImpl(uid=<gen:0>, entity=org.acme.Person)
          - SQL table alias mapping - person0_
          - alias suffix - 0_
          - suffixed key columns - {id1_0_0_}

13:54:52 DEBUG [or.hi.lo.en.pl.EntityLoader]] (JPA Startup Thread: <default>) Static select for entity org.acme.Person [NONE:-1]: select person0_.id as id1_0_0_, person0_.first_name as first_na2_0_0_, person0_.last_name as last_nam3_0_0_, person0_.salutation as salutati4_0_0_ from Person person0_ where person0_.id in (?, ?)
13:54:52 DEBUG [or.hi.lo.pl.ex.in.LoadQueryJoinAndFetchProcessor]] (JPA Startup Thread: <default>) processing queryspace <gen:0>
13:54:52 DEBUG [or.hi.lo.pl.bu.sp.LoadPlanTreePrinter]] (JPA Startup Thread: <default>) LoadPlan(entity=org.acme.Person)
    - Returns
       - EntityReturnImpl(entity=org.acme.Person, querySpaceUid=<gen:0>, path=org.acme.Person)
    - QuerySpaces
       - EntityQuerySpaceImpl(uid=<gen:0>, entity=org.acme.Person)
          - SQL table alias mapping - person0_
          - alias suffix - 0_
          - suffixed key columns - {id1_0_0_}

13:54:52 DEBUG [or.hi.lo.en.pl.EntityLoader]] (JPA Startup Thread: <default>) Static select for entity org.acme.Person [NONE:-1]: select person0_.id as id1_0_0_, person0_.first_name as first_na2_0_0_, person0_.last_name as last_nam3_0_0_, person0_.salutation as salutati4_0_0_ from Person person0_ where person0_.id=?
13:54:52 DEBUG [or.hi.SQL]] (JPA Startup Thread: <default>) drop table if exists Person CASCADE 
13:54:52 DEBUG [or.hi.SQL]] (JPA Startup Thread: <default>) drop sequence if exists hibernate_sequence
13:54:52 DEBUG [or.hi.SQL]] (JPA Startup Thread: <default>) create sequence hibernate_sequence start with 1 increment by 1
13:54:52 DEBUG [or.hi.SQL]] (JPA Startup Thread: <default>) create table Person (id bigint not null, first_name varchar(255), last_name varchar(255), salutation varchar(255), primary key (id))
13:54:52 DEBUG [or.hi.to.sc.in.SchemaCreatorImpl]] (JPA Startup Thread: <default>) HHH000476: Executing import script 'file:/D:/dev/Reactive_SQL_Client/Reactive_SQL_Client/target/classes/dataBase.sql'
13:54:52 DEBUG [or.hi.or.to.sc.sc.graph]] (JPA Startup Thread: <default>) Import statement : insert into person(id, first_name, last_name, salutation) values (nextval('hibernate_sequence'), 'Doro', 'Pesch', 'Mrs')
13:54:52 DEBUG [or.hi.or.to.sc.sc.graph]] (JPA Startup Thread: <default>) Import statement : insert into person(id, first_name, last_name, salutation) values (nextval('hibernate_sequence'), 'Bobby', 'Brown', 'Mr')
13:54:52 DEBUG [or.hi.or.to.sc.sc.graph]] (JPA Startup Thread: <default>) Import statement : insert into person(id, first_name, last_name, salutation) values (nextval('hibernate_sequence'), 'Curt', 'Cobain', 'Mr')
13:54:52 DEBUG [or.hi.or.to.sc.sc.graph]] (JPA Startup Thread: <default>) Import statement : insert into person(id, first_name, last_name, salutation) values (nextval('hibernate_sequence'), 'Nina', 'Hagen', 'Mrs')
13:54:52 DEBUG [or.hi.or.to.sc.sc.graph]] (JPA Startup Thread: <default>) Import statement : insert into person(id, first_name, last_name, salutation) values (nextval('hibernate_sequence'), 'Jimmi', 'Henrix', 'Mr')
13:54:52 DEBUG [or.hi.or.to.sc.sc.graph]] (JPA Startup Thread: <default>) Import statement : insert into person(id, first_name, last_name, salutation) values (nextval('hibernate_sequence'), 'Janis', 'Joplin', 'Mrs')
13:54:52 DEBUG [or.hi.or.to.sc.sc.graph]] (JPA Startup Thread: <default>) Import statement : insert into person(id, first_name, last_name, salutation) values (nextval('hibernate_sequence'), 'Joe', 'Cocker', 'Mr')
13:54:52 DEBUG [or.hi.or.to.sc.sc.graph]] (JPA Startup Thread: <default>) Import statement : insert into person(id, first_name, last_name, salutation) values (nextval('hibernate_sequence'), 'Alice', 'Cooper', 'Mr')
13:54:52 DEBUG [or.hi.or.to.sc.sc.graph]] (JPA Startup Thread: <default>) Import statement : insert into person(id, first_name, last_name, salutation) values (nextval('hibernate_sequence'), 'Bruce', 'Springsteen', 'Mr')
13:54:52 DEBUG [or.hi.or.to.sc.sc.graph]] (JPA Startup Thread: <default>) Import statement : insert into person(id, first_name, last_name, salutation) values (nextval('hibernate_sequence'), 'Eric', 'Clapton', 'Mr')
13:54:52 DEBUG [or.hi.SQL]] (JPA Startup Thread: <default>) insert into person(id, first_name, last_name, salutation) values (nextval('hibernate_sequence'), 'Doro', 'Pesch', 'Mrs')
13:54:52 DEBUG [or.hi.SQL]] (JPA Startup Thread: <default>) insert into person(id, first_name, last_name, salutation) values (nextval('hibernate_sequence'), 'Bobby', 'Brown', 'Mr')
13:54:52 DEBUG [or.hi.SQL]] (JPA Startup Thread: <default>) insert into person(id, first_name, last_name, salutation) values (nextval('hibernate_sequence'), 'Curt', 'Cobain', 'Mr')
13:54:52 DEBUG [or.hi.SQL]] (JPA Startup Thread: <default>) insert into person(id, first_name, last_name, salutation) values (nextval('hibernate_sequence'), 'Nina', 'Hagen', 'Mrs')
13:54:52 DEBUG [or.hi.SQL]] (JPA Startup Thread: <default>) insert into person(id, first_name, last_name, salutation) values (nextval('hibernate_sequence'), 'Jimmi', 'Henrix', 'Mr')
13:54:52 DEBUG [or.hi.SQL]] (JPA Startup Thread: <default>) insert into person(id, first_name, last_name, salutation) values (nextval('hibernate_sequence'), 'Janis', 'Joplin', 'Mrs')
13:54:52 DEBUG [or.hi.SQL]] (JPA Startup Thread: <default>) insert into person(id, first_name, last_name, salutation) values (nextval('hibernate_sequence'), 'Joe', 'Cocker', 'Mr')
13:54:52 DEBUG [or.hi.SQL]] (JPA Startup Thread: <default>) insert into person(id, first_name, last_name, salutation) values (nextval('hibernate_sequence'), 'Alice', 'Cooper', 'Mr')
13:54:52 DEBUG [or.hi.SQL]] (JPA Startup Thread: <default>) insert into person(id, first_name, last_name, salutation) values (nextval('hibernate_sequence'), 'Bruce', 'Springsteen', 'Mr')
13:54:52 DEBUG [or.hi.SQL]] (JPA Startup Thread: <default>) insert into person(id, first_name, last_name, salutation) values (nextval('hibernate_sequence'), 'Eric', 'Clapton', 'Mr')
13:54:52 DEBUG [or.hi.qu.sp.NamedQueryRepository]] (JPA Startup Thread: <default>) Checking 0 named HQL queries
13:54:52 DEBUG [or.hi.qu.sp.NamedQueryRepository]] (JPA Startup Thread: <default>) Checking 0 named SQL queries
13:54:52 DEBUG [or.hi.se.in.SessionFactoryServiceRegistryImpl]] (JPA Startup Thread: <default>) EventListenerRegistry access via ServiceRegistry is deprecated.  Use `sessionFactory.getEventEngine().getListenerRegistry()` instead
13:54:52 DEBUG [or.hi.in.SessionFactoryRegistry]] (JPA Startup Thread: <default>) Initializing SessionFactoryRegistry : org.hibernate.internal.SessionFactoryRegistry@47f7111b
13:54:52 DEBUG [or.hi.in.SessionFactoryRegistry]] (JPA Startup Thread: <default>) Registering SessionFactory: 18696471-2cf1-421b-ab99-a5e2431055e2 (<unnamed>)
13:54:52 DEBUG [or.hi.in.SessionFactoryRegistry]] (JPA Startup Thread: <default>) Not binding SessionFactory to JNDI, no JNDI name configured
13:54:52 DEBUG [io.ne.ut.NetUtil]] (vert.x-eventloop-thread-0) -Djava.net.preferIPv4Stack: false
13:54:52 DEBUG [io.ne.ut.NetUtil]] (vert.x-eventloop-thread-0) -Djava.net.preferIPv6Addresses: false
13:54:52 DEBUG [io.ne.ut.NetUtilInitializations]] (vert.x-eventloop-thread-0) Loopback interface: lo (Software Loopback Interface 1, 127.0.0.1)
13:54:52 DEBUG [io.ne.ut.NetUtil]] (vert.x-eventloop-thread-0) Failed to get SOMAXCONN from sysctl and file \proc\sys\net\core\somaxconn. Default: 200
13:54:52 DEBUG [io.ne.bu.PooledByteBufAllocator]] (vert.x-eventloop-thread-1) -Dio.netty.allocator.numHeapArenas: 24
13:54:52 DEBUG [io.ne.bu.PooledByteBufAllocator]] (vert.x-eventloop-thread-1) -Dio.netty.allocator.numDirectArenas: 24
13:54:52 DEBUG [io.ne.bu.PooledByteBufAllocator]] (vert.x-eventloop-thread-1) -Dio.netty.allocator.pageSize: 8192
13:54:52 DEBUG [io.ne.bu.PooledByteBufAllocator]] (vert.x-eventloop-thread-1) -Dio.netty.allocator.maxOrder: 3
13:54:52 DEBUG [io.ne.bu.PooledByteBufAllocator]] (vert.x-eventloop-thread-1) -Dio.netty.allocator.chunkSize: 65536
13:54:52 DEBUG [io.ne.bu.PooledByteBufAllocator]] (vert.x-eventloop-thread-1) -Dio.netty.allocator.smallCacheSize: 256
13:54:52 DEBUG [io.ne.bu.PooledByteBufAllocator]] (vert.x-eventloop-thread-1) -Dio.netty.allocator.normalCacheSize: 64
13:54:52 DEBUG [io.ne.bu.PooledByteBufAllocator]] (vert.x-eventloop-thread-1) -Dio.netty.allocator.maxCachedBufferCapacity: 32768
13:54:52 DEBUG [io.ne.bu.PooledByteBufAllocator]] (vert.x-eventloop-thread-1) -Dio.netty.allocator.cacheTrimInterval: 8192
13:54:52 DEBUG [io.ne.bu.PooledByteBufAllocator]] (vert.x-eventloop-thread-1) -Dio.netty.allocator.cacheTrimIntervalMillis: 0
13:54:52 DEBUG [io.ne.bu.PooledByteBufAllocator]] (vert.x-eventloop-thread-1) -Dio.netty.allocator.useCacheForAllThreads: false
13:54:52 DEBUG [io.ne.bu.PooledByteBufAllocator]] (vert.x-eventloop-thread-1) -Dio.netty.allocator.maxCachedByteBuffersPerChunk: 1023
13:54:52 DEBUG [io.ne.bu.ByteBufUtil]] (vert.x-eventloop-thread-1) -Dio.netty.allocator.type: pooled
13:54:52 DEBUG [io.ne.bu.ByteBufUtil]] (vert.x-eventloop-thread-1) -Dio.netty.threadLocalDirectBufferSize: 0
13:54:52 DEBUG [io.ne.bu.ByteBufUtil]] (vert.x-eventloop-thread-1) -Dio.netty.maxThreadLocalCharBufferSize: 16384
13:54:52 INFO  [io.quarkus]] (Quarkus Main Thread) code-with-quarkus 1.0.0-SNAPSHOT on JVM (powered by Quarkus 2.12.2.Final) started in 3.631s. Listening on: http://localhost:8080
13:54:52 INFO  [io.quarkus]] (Quarkus Main Thread) Profile dev activated. Live Coding activated.
13:54:52 INFO  [io.quarkus]] (Quarkus Main Thread) Installed features: [agroal, cdi, hibernate-orm, hibernate-orm-panache, jdbc-h2, jdbc-postgresql, narayana-jta, reactive-pg-client, resteasy, resteasy-jackson, resteasy-mutiny, smallrye-context-propagation, vertx]
13:56:19 DEBUG [io.ne.ut.Recycler]] (vert.x-eventloop-thread-1) -Dio.netty.recycler.maxCapacityPerThread: 4096
13:56:19 DEBUG [io.ne.ut.Recycler]] (vert.x-eventloop-thread-1) -Dio.netty.recycler.ratio: 8
13:56:19 DEBUG [io.ne.ut.Recycler]] (vert.x-eventloop-thread-1) -Dio.netty.recycler.chunkSize: 32
13:56:19 DEBUG [io.ne.ut.Recycler]] (vert.x-eventloop-thread-1) -Dio.netty.recycler.blocking: false
13:56:19 DEBUG [io.ne.bu.AbstractByteBuf]] (vert.x-eventloop-thread-1) -Dio.netty.buffer.checkAccessible: true
13:56:19 DEBUG [io.ne.bu.AbstractByteBuf]] (vert.x-eventloop-thread-1) -Dio.netty.buffer.checkBounds: true
13:56:19 DEBUG [io.ne.ut.ResourceLeakDetectorFactory]] (vert.x-eventloop-thread-1) Loaded default ResourceLeakDetector: io.netty.util.ResourceLeakDetector@7e256509
13:56:19 DEBUG [io.ne.ha.co.co.ZlibCodecFactory]] (vert.x-eventloop-thread-1) -Dio.netty.noJdkZlibDecoder: false
13:56:19 DEBUG [io.ne.ha.co.co.ZlibCodecFactory]] (vert.x-eventloop-thread-1) -Dio.netty.noJdkZlibEncoder: false
13:56:19 DEBUG [or.jb.re.re.i18n]] (executor-thread-0) RESTEASY002315: PathInfo: /Person
13:56:19 INFO  [or.ac.PersonResource]] (executor-thread-0) Le getAll marche
13:56:19 DEBUG [or.hi.re.jd.in.LogicalConnectionManagedImpl]] (executor-thread-0) `hibernate.connection.provider_disables_autocommit` was enabled.  This setting should only be enabled when you are certain that the Connections given to Hibernate by the ConnectionProvider have auto-commit disabled.  Enabling this setting when the Connections do not have auto-commit disabled will lead to Hibernate executing SQL operations outside of any JDBC/SQL transaction.
13:56:19 DEBUG [or.hi.st.in.StatisticsInitiator]] (executor-thread-0) Statistics initialized [enabled=false]
13:56:19 DEBUG [or.hi.hq.in.QueryTranslatorFactoryInitiator]] (executor-thread-0) QueryTranslatorFactory: org.hibernate.hql.internal.ast.ASTQueryTranslatorFactory@186751f
13:56:19 DEBUG [or.hi.hq.in.as.QueryTranslatorImpl]] (executor-thread-0) parse() - HQL: FROM org.acme.Person ORDER BY id
13:56:19 DEBUG [or.hi.hq.in.as.ErrorTracker]] (executor-thread-0) throwQueryException() : no errors
13:56:19 DEBUG [or.hi.hq.in.as.QueryTranslatorImpl]] (executor-thread-0) --- HQL AST ---
 \-[QUERY] Node: 'query'
    +-[SELECT_FROM] Node: 'SELECT_FROM'
    |  \-[FROM] Node: 'FROM'
    |     \-[RANGE] Node: 'RANGE'
    |        \-[DOT] Node: '.'
    |           +-[DOT] Node: '.'
    |           |  +-[IDENT] Node: 'org'
    |           |  \-[IDENT] Node: 'acme'
    |           \-[IDENT] Node: 'Person'
    \-[ORDER] Node: 'ORDER'
       \-[IDENT] Node: 'id'

13:56:19 DEBUG [or.hi.hq.in.an.HqlSqlBaseWalker]] (executor-thread-0) select << begin [level=1, statement=select]
13:56:19 DEBUG [or.hi.hq.in.as.tr.FromElement]] (executor-thread-0) FromClause{level=1} : org.acme.Person (<no alias>) -> person0_
13:56:19 DEBUG [or.hi.hq.in.as.tr.FromReferenceNode]] (executor-thread-0) Resolved : {synthetic-alias} -> {synthetic-alias}
13:56:19 DEBUG [or.hi.hq.in.as.tr.DotNode]] (executor-thread-0) getDataType() : id -> org.hibernate.type.LongType@6010495a
13:56:19 DEBUG [or.hi.hq.in.as.tr.FromReferenceNode]] (executor-thread-0) Resolved : {synthetic-alias}.id -> person0_.id
13:56:19 DEBUG [or.hi.hq.in.an.HqlSqlBaseWalker]] (executor-thread-0) select : finishing up [level=1, statement=select]
13:56:19 DEBUG [or.hi.hq.in.as.HqlSqlWalker]] (executor-thread-0) processQuery() :  ( SELECT ( FromClause{level=1} Person person0_ ) ( ORDER ( person0_.id {synthetic-alias} id ) ) )
13:56:19 DEBUG [or.hi.hq.in.as.HqlSqlWalker]] (executor-thread-0) Derived SELECT clause created.
13:56:19 DEBUG [or.hi.hq.in.as.ut.JoinProcessor]] (executor-thread-0) Tables referenced from query nodes:
 \-QueryNode
    +-SelectClause
    | referencedTables(entity Person): [Person]
    |  +-SelectExpressionImpl
    |  | persister: SingleTableEntityPersister(org.acme.Person)
    |  \-SqlFragment
    +-FromClause
    |  \-FromElement
    \-OrderByClause
       \-DotNode
         persister: SingleTableEntityPersister(org.acme.Person)
         path: {synthetic-alias}.id
          +-IdentNode
          | persister: SingleTableEntityPersister(org.acme.Person)
          | originalText: {synthetic-alias}
          \-IdentNode
            persister: null
            originalText: id

13:56:19 DEBUG [or.hi.hq.in.as.ut.JoinProcessor]] (executor-thread-0) Using FROM fragment [Person person0_]
13:56:19 DEBUG [or.hi.hq.in.an.HqlSqlBaseWalker]] (executor-thread-0) select >> end [level=1, statement=select]
13:56:19 DEBUG [or.hi.hq.in.as.QueryTranslatorImpl]] (executor-thread-0) --- SQL AST ---
 \-[SELECT] QueryNode: 'SELECT'  querySpaces (Person)
    +-[SELECT_CLAUSE] SelectClause: '{derived select clause}'
    |  +-[SELECT_EXPR] SelectExpressionImpl: 'person0_.id as id1_0_' {FromElement{explicit,not a collection join,not a fetch join,fetch non-lazy properties,classAlias=null,role=null,tableName=Person,tableAlias=person0_,origin=null,columns={,className=org.acme.Person}}}
    |  \-[SQL_TOKEN] SqlFragment: 'person0_.first_name as first_na2_0_, person0_.last_name as last_nam3_0_, person0_.salutation as salutati4_0_'
    +-[FROM] FromClause: 'FROM' FromClause{level=1, fromElementCounter=1, fromElements=1, fromElementByClassAlias=[], fromElementByTableAlias=[person0_], fromElementsByPath=[], collectionJoinFromElementsByPath=[], impliedElements=[]}
    |  \-[FROM_FRAGMENT] FromElement: 'Person person0_' FromElement{explicit,not a collection join,not a fetch join,fetch non-lazy properties,classAlias=null,role=null,tableName=Person,tableAlias=person0_,origin=null,columns={,className=org.acme.Person}}
    \-[ORDER] OrderByClause: 'ORDER'
       \-[DOT] DotNode: 'person0_.id' {propertyName=id,dereferenceType=PRIMITIVE,getPropertyPath=id,path={synthetic-alias}.id,tableAlias=person0_,className=org.acme.Person,classAlias=null}
          +-[IDENT] IdentNode: '{synthetic-alias}' {originalText={synthetic-alias}}
          \-[IDENT] IdentNode: 'id' {originalText=id}

13:56:19 DEBUG [or.hi.hq.in.as.ErrorTracker]] (executor-thread-0) throwQueryException() : no errors
13:56:19 DEBUG [or.hi.hq.in.as.QueryTranslatorImpl]] (executor-thread-0) HQL: FROM org.acme.Person ORDER BY id
13:56:19 DEBUG [or.hi.hq.in.as.QueryTranslatorImpl]] (executor-thread-0) SQL: select person0_.id as id1_0_, person0_.first_name as first_na2_0_, person0_.last_name as last_nam3_0_, person0_.salutation as salutati4_0_ from Person person0_ order by person0_.id
13:56:19 DEBUG [or.hi.hq.in.as.ErrorTracker]] (executor-thread-0) throwQueryException() : no errors
13:56:19 DEBUG [or.hi.SQL]] (executor-thread-0) select person0_.id as id1_0_, person0_.first_name as first_na2_0_, person0_.last_name as last_nam3_0_, person0_.salutation as salutati4_0_ from Person person0_ order by person0_.id
13:56:19 DEBUG [or.hi.lo.Loader]] (executor-thread-0) Result set row: 0
13:56:19 DEBUG [or.hi.lo.Loader]] (executor-thread-0) Result row: EntityKey[org.acme.Person#1]
13:56:19 DEBUG [or.hi.lo.Loader]] (executor-thread-0) Result set row: 1
13:56:19 DEBUG [or.hi.lo.Loader]] (executor-thread-0) Result row: EntityKey[org.acme.Person#2]
13:56:19 DEBUG [or.hi.lo.Loader]] (executor-thread-0) Result set row: 2
13:56:19 DEBUG [or.hi.lo.Loader]] (executor-thread-0) Result row: EntityKey[org.acme.Person#3]
13:56:19 DEBUG [or.hi.lo.Loader]] (executor-thread-0) Result set row: 3
13:56:19 DEBUG [or.hi.lo.Loader]] (executor-thread-0) Result row: EntityKey[org.acme.Person#4]
13:56:19 DEBUG [or.hi.lo.Loader]] (executor-thread-0) Result set row: 4
13:56:19 DEBUG [or.hi.lo.Loader]] (executor-thread-0) Result row: EntityKey[org.acme.Person#5]
13:56:19 DEBUG [or.hi.lo.Loader]] (executor-thread-0) Result set row: 5
13:56:19 DEBUG [or.hi.lo.Loader]] (executor-thread-0) Result row: EntityKey[org.acme.Person#6]
13:56:19 DEBUG [or.hi.lo.Loader]] (executor-thread-0) Result set row: 6
13:56:19 DEBUG [or.hi.lo.Loader]] (executor-thread-0) Result row: EntityKey[org.acme.Person#7]
13:56:19 DEBUG [or.hi.lo.Loader]] (executor-thread-0) Result set row: 7
13:56:19 DEBUG [or.hi.lo.Loader]] (executor-thread-0) Result row: EntityKey[org.acme.Person#8]
13:56:19 DEBUG [or.hi.lo.Loader]] (executor-thread-0) Result set row: 8
13:56:19 DEBUG [or.hi.lo.Loader]] (executor-thread-0) Result row: EntityKey[org.acme.Person#9]
13:56:19 DEBUG [or.hi.lo.Loader]] (executor-thread-0) Result set row: 9
13:56:19 DEBUG [or.hi.lo.Loader]] (executor-thread-0) Result row: EntityKey[org.acme.Person#10]
13:56:19 DEBUG [or.hi.en.in.TwoPhaseLoad]] (executor-thread-0) Resolving attributes for [org.acme.Person#1]
13:56:19 DEBUG [or.hi.en.in.TwoPhaseLoad]] (executor-thread-0) Processing attribute `firstName` : value = Doro
13:56:19 DEBUG [or.hi.en.in.TwoPhaseLoad]] (executor-thread-0) Attribute (`firstName`)  - enhanced for lazy-loading? - false
13:56:19 DEBUG [or.hi.en.in.TwoPhaseLoad]] (executor-thread-0) Processing attribute `lastName` : value = Pesch
13:56:19 DEBUG [or.hi.en.in.TwoPhaseLoad]] (executor-thread-0) Attribute (`lastName`)  - enhanced for lazy-loading? - false
13:56:19 DEBUG [or.hi.en.in.TwoPhaseLoad]] (executor-thread-0) Processing attribute `salutation` : value = Mrs
13:56:19 DEBUG [or.hi.en.in.TwoPhaseLoad]] (executor-thread-0) Attribute (`salutation`)  - enhanced for lazy-loading? - false
13:56:19 DEBUG [or.hi.en.in.TwoPhaseLoad]] (executor-thread-0) Done materializing entity [org.acme.Person#1]
13:56:19 DEBUG [or.hi.en.in.TwoPhaseLoad]] (executor-thread-0) Resolving attributes for [org.acme.Person#2]
13:56:19 DEBUG [or.hi.en.in.TwoPhaseLoad]] (executor-thread-0) Processing attribute `firstName` : value = Bobby
13:56:19 DEBUG [or.hi.en.in.TwoPhaseLoad]] (executor-thread-0) Attribute (`firstName`)  - enhanced for lazy-loading? - false
13:56:19 DEBUG [or.hi.en.in.TwoPhaseLoad]] (executor-thread-0) Processing attribute `lastName` : value = Brown
13:56:19 DEBUG [or.hi.en.in.TwoPhaseLoad]] (executor-thread-0) Attribute (`lastName`)  - enhanced for lazy-loading? - false
13:56:19 DEBUG [or.hi.en.in.TwoPhaseLoad]] (executor-thread-0) Processing attribute `salutation` : value = Mr
13:56:19 DEBUG [or.hi.en.in.TwoPhaseLoad]] (executor-thread-0) Attribute (`salutation`)  - enhanced for lazy-loading? - false
13:56:19 DEBUG [or.hi.en.in.TwoPhaseLoad]] (executor-thread-0) Done materializing entity [org.acme.Person#2]
13:56:19 DEBUG [or.hi.en.in.TwoPhaseLoad]] (executor-thread-0) Resolving attributes for [org.acme.Person#3]
13:56:19 DEBUG [or.hi.en.in.TwoPhaseLoad]] (executor-thread-0) Processing attribute `firstName` : value = Curt
13:56:19 DEBUG [or.hi.en.in.TwoPhaseLoad]] (executor-thread-0) Attribute (`firstName`)  - enhanced for lazy-loading? - false
13:56:19 DEBUG [or.hi.en.in.TwoPhaseLoad]] (executor-thread-0) Processing attribute `lastName` : value = Cobain
13:56:19 DEBUG [or.hi.en.in.TwoPhaseLoad]] (executor-thread-0) Attribute (`lastName`)  - enhanced for lazy-loading? - false
13:56:19 DEBUG [or.hi.en.in.TwoPhaseLoad]] (executor-thread-0) Processing attribute `salutation` : value = Mr
13:56:19 DEBUG [or.hi.en.in.TwoPhaseLoad]] (executor-thread-0) Attribute (`salutation`)  - enhanced for lazy-loading? - false
13:56:19 DEBUG [or.hi.en.in.TwoPhaseLoad]] (executor-thread-0) Done materializing entity [org.acme.Person#3]
13:56:19 DEBUG [or.hi.en.in.TwoPhaseLoad]] (executor-thread-0) Resolving attributes for [org.acme.Person#4]
13:56:19 DEBUG [or.hi.en.in.TwoPhaseLoad]] (executor-thread-0) Processing attribute `firstName` : value = Nina
13:56:19 DEBUG [or.hi.en.in.TwoPhaseLoad]] (executor-thread-0) Attribute (`firstName`)  - enhanced for lazy-loading? - false
13:56:19 DEBUG [or.hi.en.in.TwoPhaseLoad]] (executor-thread-0) Processing attribute `lastName` : value = Hagen
13:56:19 DEBUG [or.hi.en.in.TwoPhaseLoad]] (executor-thread-0) Attribute (`lastName`)  - enhanced for lazy-loading? - false
13:56:19 DEBUG [or.hi.en.in.TwoPhaseLoad]] (executor-thread-0) Processing attribute `salutation` : value = Mrs
13:56:19 DEBUG [or.hi.en.in.TwoPhaseLoad]] (executor-thread-0) Attribute (`salutation`)  - enhanced for lazy-loading? - false
13:56:19 DEBUG [or.hi.en.in.TwoPhaseLoad]] (executor-thread-0) Done materializing entity [org.acme.Person#4]
13:56:19 DEBUG [or.hi.en.in.TwoPhaseLoad]] (executor-thread-0) Resolving attributes for [org.acme.Person#5]
13:56:19 DEBUG [or.hi.en.in.TwoPhaseLoad]] (executor-thread-0) Processing attribute `firstName` : value = Jimmi
13:56:19 DEBUG [or.hi.en.in.TwoPhaseLoad]] (executor-thread-0) Attribute (`firstName`)  - enhanced for lazy-loading? - false
13:56:19 DEBUG [or.hi.en.in.TwoPhaseLoad]] (executor-thread-0) Processing attribute `lastName` : value = Henrix
13:56:19 DEBUG [or.hi.en.in.TwoPhaseLoad]] (executor-thread-0) Attribute (`lastName`)  - enhanced for lazy-loading? - false
13:56:19 DEBUG [or.hi.en.in.TwoPhaseLoad]] (executor-thread-0) Processing attribute `salutation` : value = Mr
13:56:19 DEBUG [or.hi.en.in.TwoPhaseLoad]] (executor-thread-0) Attribute (`salutation`)  - enhanced for lazy-loading? - false
13:56:19 DEBUG [or.hi.en.in.TwoPhaseLoad]] (executor-thread-0) Done materializing entity [org.acme.Person#5]
13:56:19 DEBUG [or.hi.en.in.TwoPhaseLoad]] (executor-thread-0) Resolving attributes for [org.acme.Person#6]
13:56:19 DEBUG [or.hi.en.in.TwoPhaseLoad]] (executor-thread-0) Processing attribute `firstName` : value = Janis
13:56:19 DEBUG [or.hi.en.in.TwoPhaseLoad]] (executor-thread-0) Attribute (`firstName`)  - enhanced for lazy-loading? - false
13:56:19 DEBUG [or.hi.en.in.TwoPhaseLoad]] (executor-thread-0) Processing attribute `lastName` : value = Joplin
13:56:19 DEBUG [or.hi.en.in.TwoPhaseLoad]] (executor-thread-0) Attribute (`lastName`)  - enhanced for lazy-loading? - false
13:56:19 DEBUG [or.hi.en.in.TwoPhaseLoad]] (executor-thread-0) Processing attribute `salutation` : value = Mrs
13:56:19 DEBUG [or.hi.en.in.TwoPhaseLoad]] (executor-thread-0) Attribute (`salutation`)  - enhanced for lazy-loading? - false
13:56:19 DEBUG [or.hi.en.in.TwoPhaseLoad]] (executor-thread-0) Done materializing entity [org.acme.Person#6]
13:56:19 DEBUG [or.hi.en.in.TwoPhaseLoad]] (executor-thread-0) Resolving attributes for [org.acme.Person#7]
13:56:19 DEBUG [or.hi.en.in.TwoPhaseLoad]] (executor-thread-0) Processing attribute `firstName` : value = Joe
13:56:19 DEBUG [or.hi.en.in.TwoPhaseLoad]] (executor-thread-0) Attribute (`firstName`)  - enhanced for lazy-loading? - false
13:56:19 DEBUG [or.hi.en.in.TwoPhaseLoad]] (executor-thread-0) Processing attribute `lastName` : value = Cocker
13:56:19 DEBUG [or.hi.en.in.TwoPhaseLoad]] (executor-thread-0) Attribute (`lastName`)  - enhanced for lazy-loading? - false
13:56:19 DEBUG [or.hi.en.in.TwoPhaseLoad]] (executor-thread-0) Processing attribute `salutation` : value = Mr
13:56:19 DEBUG [or.hi.en.in.TwoPhaseLoad]] (executor-thread-0) Attribute (`salutation`)  - enhanced for lazy-loading? - false
13:56:19 DEBUG [or.hi.en.in.TwoPhaseLoad]] (executor-thread-0) Done materializing entity [org.acme.Person#7]
13:56:19 DEBUG [or.hi.en.in.TwoPhaseLoad]] (executor-thread-0) Resolving attributes for [org.acme.Person#8]
13:56:19 DEBUG [or.hi.en.in.TwoPhaseLoad]] (executor-thread-0) Processing attribute `firstName` : value = Alice
13:56:19 DEBUG [or.hi.en.in.TwoPhaseLoad]] (executor-thread-0) Attribute (`firstName`)  - enhanced for lazy-loading? - false
13:56:19 DEBUG [or.hi.en.in.TwoPhaseLoad]] (executor-thread-0) Processing attribute `lastName` : value = Cooper
13:56:19 DEBUG [or.hi.en.in.TwoPhaseLoad]] (executor-thread-0) Attribute (`lastName`)  - enhanced for lazy-loading? - false
13:56:19 DEBUG [or.hi.en.in.TwoPhaseLoad]] (executor-thread-0) Processing attribute `salutation` : value = Mr
13:56:19 DEBUG [or.hi.en.in.TwoPhaseLoad]] (executor-thread-0) Attribute (`salutation`)  - enhanced for lazy-loading? - false
13:56:19 DEBUG [or.hi.en.in.TwoPhaseLoad]] (executor-thread-0) Done materializing entity [org.acme.Person#8]
13:56:19 DEBUG [or.hi.en.in.TwoPhaseLoad]] (executor-thread-0) Resolving attributes for [org.acme.Person#9]
13:56:19 DEBUG [or.hi.en.in.TwoPhaseLoad]] (executor-thread-0) Processing attribute `firstName` : value = Bruce
13:56:19 DEBUG [or.hi.en.in.TwoPhaseLoad]] (executor-thread-0) Attribute (`firstName`)  - enhanced for lazy-loading? - false
13:56:19 DEBUG [or.hi.en.in.TwoPhaseLoad]] (executor-thread-0) Processing attribute `lastName` : value = Springsteen
13:56:19 DEBUG [or.hi.en.in.TwoPhaseLoad]] (executor-thread-0) Attribute (`lastName`)  - enhanced for lazy-loading? - false
13:56:19 DEBUG [or.hi.en.in.TwoPhaseLoad]] (executor-thread-0) Processing attribute `salutation` : value = Mr
13:56:19 DEBUG [or.hi.en.in.TwoPhaseLoad]] (executor-thread-0) Attribute (`salutation`)  - enhanced for lazy-loading? - false
13:56:19 DEBUG [or.hi.en.in.TwoPhaseLoad]] (executor-thread-0) Done materializing entity [org.acme.Person#9]
13:56:19 DEBUG [or.hi.en.in.TwoPhaseLoad]] (executor-thread-0) Resolving attributes for [org.acme.Person#10]
13:56:19 DEBUG [or.hi.en.in.TwoPhaseLoad]] (executor-thread-0) Processing attribute `firstName` : value = Eric
13:56:19 DEBUG [or.hi.en.in.TwoPhaseLoad]] (executor-thread-0) Attribute (`firstName`)  - enhanced for lazy-loading? - false
13:56:19 DEBUG [or.hi.en.in.TwoPhaseLoad]] (executor-thread-0) Processing attribute `lastName` : value = Clapton
13:56:19 DEBUG [or.hi.en.in.TwoPhaseLoad]] (executor-thread-0) Attribute (`lastName`)  - enhanced for lazy-loading? - false
13:56:19 DEBUG [or.hi.en.in.TwoPhaseLoad]] (executor-thread-0) Processing attribute `salutation` : value = Mr
13:56:19 DEBUG [or.hi.en.in.TwoPhaseLoad]] (executor-thread-0) Attribute (`salutation`)  - enhanced for lazy-loading? - false
13:56:19 DEBUG [or.hi.en.in.TwoPhaseLoad]] (executor-thread-0) Done materializing entity [org.acme.Person#10]
13:56:19 DEBUG [or.hi.re.jd.in.LogicalConnectionManagedImpl]] (executor-thread-0) Initiating JDBC connection release from afterTransaction
13:56:19 DEBUG [or.jb.re.re.i18n]] (executor-thread-0) MessageBodyWriter: org.jboss.resteasy.core.providerfactory.SortedKey
13:56:19 DEBUG [or.jb.re.re.i18n]] (executor-thread-0) MessageBodyWriter: org.jboss.resteasy.plugins.providers.jackson.ResteasyJackson2Provider
13:56:19 DEBUG [or.jb.re.re.i18n]] (executor-thread-0) MessageBodyWriter: org.jboss.resteasy.plugins.providers.jackson.ResteasyJackson2Provider
13:56:19 DEBUG [or.jb.re.re.i18n]] (executor-thread-0) MessageBodyWriter: org.jboss.resteasy.core.providerfactory.SortedKey
13:56:19 DEBUG [or.jb.re.re.i18n]] (executor-thread-0) Interceptor Context: org.jboss.resteasy.core.interception.jaxrs.ServerWriterInterceptorContext,  Method : proceed
13:56:19 DEBUG [or.jb.re.re.i18n]] (executor-thread-0) MessageBodyWriter: org.jboss.resteasy.core.providerfactory.SortedKey
13:56:19 DEBUG [or.jb.re.re.i18n]] (executor-thread-0) MessageBodyWriter: org.jboss.resteasy.plugins.providers.jackson.ResteasyJackson2Provider
13:56:19 DEBUG [or.jb.re.re.i18n]] (executor-thread-0) Provider : org.jboss.resteasy.plugins.providers.jackson.ResteasyJackson2Provider,  Method : writeTo
